<?xml version="1.0" encoding="UTF-8"?><testsuite errors="1" failures="0" name="VisualizarEmpleosDisponiblesDeChoucairPaginaMagneto" skipped="0" tests="1" time="17.05" timestamp="2021-07-16 01:39:17"><testcase name="View choucair jobs"><error type="java.lang.StackOverflowError"/><system-err>null&#13;
tasks.OptionsJobs.JobsA(OptionsJobs.java:27)&#13;
tasks.OptionsJobs.JobsA(OptionsJobs.java:27)&#13;
tasks.OptionsJobs.JobsA(OptionsJobs.java:27)&#13;
tasks.OptionsJobs.JobsA(OptionsJobs.java:27)&#13;
tasks.OptionsJobs.JobsA(OptionsJobs.java:27)&#13;
tasks.OptionsJobs.JobsA(OptionsJobs.java:27)&#13;
tasks.OptionsJobs.JobsA(OptionsJobs.java:27)&#13;
tasks.OptionsJobs.JobsA(OptionsJobs.java:27)&#13;
tasks.OptionsJobs.JobsA(OptionsJobs.java:27)&#13;
tasks.OptionsJobs.JobsA(OptionsJobs.java:27)&#13;
tasks.OptionsJobs.JobsA(OptionsJobs.java:27)&#13;
tasks.OptionsJobs.JobsA(OptionsJobs.java:27)&#13;
tasks.OptionsJobs.JobsA(OptionsJobs.java:27)&#13;
tasks.OptionsJobs.JobsA(OptionsJobs.java:27)&#13;
tasks.OptionsJobs.JobsA(OptionsJobs.java:27)&#13;
tasks.OptionsJobs.JobsA(OptionsJobs.java:27)&#13;
tasks.OptionsJobs.JobsA(OptionsJobs.java:27)&#13;
tasks.OptionsJobs.JobsA(OptionsJobs.java:27)&#13;
tasks.OptionsJobs.JobsA(OptionsJobs.java:27)&#13;
tasks.OptionsJobs.JobsA(OptionsJobs.java:27)&#13;
tasks.OptionsJobs.JobsA(OptionsJobs.java:27)&#13;
tasks.OptionsJobs.JobsA(OptionsJobs.java:27)&#13;
tasks.OptionsJobs.JobsA(OptionsJobs.java:27)&#13;
tasks.OptionsJobs.JobsA(OptionsJobs.java:27)&#13;
tasks.OptionsJobs.JobsA(OptionsJobs.java:27)&#13;
tasks.OptionsJobs.JobsA(OptionsJobs.java:27)&#13;
tasks.OptionsJobs.JobsA(OptionsJobs.java:27)&#13;
tasks.OptionsJobs.JobsA(OptionsJobs.java:27)&#13;
tasks.OptionsJobs.JobsA(OptionsJobs.java:27)&#13;
tasks.OptionsJobs.JobsA(OptionsJobs.java:27)&#13;
tasks.OptionsJobs.JobsA(OptionsJobs.java:27)&#13;
tasks.OptionsJobs.JobsA(OptionsJobs.java:27)&#13;
tasks.OptionsJobs.JobsA(OptionsJobs.java:27)&#13;
tasks.OptionsJobs.JobsA(OptionsJobs.java:27)&#13;
tasks.OptionsJobs.JobsA(OptionsJobs.java:27)&#13;
tasks.OptionsJobs.JobsA(OptionsJobs.java:27)&#13;
tasks.OptionsJobs.JobsA(OptionsJobs.java:27)&#13;
tasks.OptionsJobs.JobsA(OptionsJobs.java:27)&#13;
tasks.OptionsJobs.JobsA(OptionsJobs.java:27)&#13;
tasks.OptionsJobs.JobsA(OptionsJobs.java:27)&#13;
tasks.OptionsJobs.JobsA(OptionsJobs.java:27)&#13;
tasks.OptionsJobs.JobsA(OptionsJobs.java:27)&#13;
tasks.OptionsJobs.JobsA(OptionsJobs.java:27)&#13;
tasks.OptionsJobs.JobsA(OptionsJobs.java:27)&#13;
tasks.OptionsJobs.JobsA(OptionsJobs.java:27)&#13;
tasks.OptionsJobs.JobsA(OptionsJobs.java:27)&#13;
tasks.OptionsJobs.JobsA(OptionsJobs.java:27)&#13;
tasks.OptionsJobs.JobsA(OptionsJobs.java:27)&#13;
tasks.OptionsJobs.JobsA(OptionsJobs.java:27)&#13;
tasks.OptionsJobs.JobsA(OptionsJobs.java:27)&#13;
tasks.OptionsJobs.JobsA(OptionsJobs.java:27)&#13;
tasks.OptionsJobs.JobsA(OptionsJobs.java:27)&#13;
tasks.OptionsJobs.JobsA(OptionsJobs.java:27)&#13;
tasks.OptionsJobs.JobsA(OptionsJobs.java:27)&#13;
tasks.OptionsJobs.JobsA(OptionsJobs.java:27)&#13;
tasks.OptionsJobs.JobsA(OptionsJobs.java:27)&#13;
tasks.OptionsJobs.JobsA(OptionsJobs.java:27)&#13;
tasks.OptionsJobs.JobsA(OptionsJobs.java:27)&#13;
tasks.OptionsJobs.JobsA(OptionsJobs.java:27)&#13;
tasks.OptionsJobs.JobsA(OptionsJobs.java:27)&#13;
tasks.OptionsJobs.JobsA(OptionsJobs.java:27)&#13;
tasks.OptionsJobs.JobsA(OptionsJobs.java:27)&#13;
tasks.OptionsJobs.JobsA(OptionsJobs.java:27)&#13;
tasks.OptionsJobs.JobsA(OptionsJobs.java:27)&#13;
tasks.OptionsJobs.JobsA(OptionsJobs.java:27)&#13;
tasks.OptionsJobs.JobsA(OptionsJobs.java:27)&#13;
tasks.OptionsJobs.JobsA(OptionsJobs.java:27)&#13;
tasks.OptionsJobs.JobsA(OptionsJobs.java:27)&#13;
tasks.OptionsJobs.JobsA(OptionsJobs.java:27)&#13;
tasks.OptionsJobs.JobsA(OptionsJobs.java:27)&#13;
tasks.OptionsJobs.JobsA(OptionsJobs.java:27)&#13;
tasks.OptionsJobs.JobsA(OptionsJobs.java:27)&#13;
tasks.OptionsJobs.JobsA(OptionsJobs.java:27)&#13;
tasks.OptionsJobs.JobsA(OptionsJobs.java:27)&#13;
tasks.OptionsJobs.JobsA(OptionsJobs.java:27)&#13;
tasks.OptionsJobs.JobsA(OptionsJobs.java:27)&#13;
tasks.OptionsJobs.JobsA(OptionsJobs.java:27)&#13;
tasks.OptionsJobs.JobsA(OptionsJobs.java:27)&#13;
tasks.OptionsJobs.JobsA(OptionsJobs.java:27)&#13;
tasks.OptionsJobs.JobsA(OptionsJobs.java:27)&#13;
tasks.OptionsJobs.JobsA(OptionsJobs.java:27)&#13;
tasks.OptionsJobs.JobsA(OptionsJobs.java:27)&#13;
tasks.OptionsJobs.JobsA(OptionsJobs.java:27)&#13;
tasks.OptionsJobs.JobsA(OptionsJobs.java:27)&#13;
tasks.OptionsJobs.JobsA(OptionsJobs.java:27)&#13;
tasks.OptionsJobs.JobsA(OptionsJobs.java:27)&#13;
tasks.OptionsJobs.JobsA(OptionsJobs.java:27)&#13;
tasks.OptionsJobs.JobsA(OptionsJobs.java:27)&#13;
tasks.OptionsJobs.JobsA(OptionsJobs.java:27)&#13;
tasks.OptionsJobs.JobsA(OptionsJobs.java:27)&#13;
tasks.OptionsJobs.JobsA(OptionsJobs.java:27)&#13;
tasks.OptionsJobs.JobsA(OptionsJobs.java:27)&#13;
tasks.OptionsJobs.JobsA(OptionsJobs.java:27)&#13;
tasks.OptionsJobs.JobsA(OptionsJobs.java:27)&#13;
tasks.OptionsJobs.JobsA(OptionsJobs.java:27)&#13;
tasks.OptionsJobs.JobsA(OptionsJobs.java:27)&#13;
tasks.OptionsJobs.JobsA(OptionsJobs.java:27)&#13;
tasks.OptionsJobs.JobsA(OptionsJobs.java:27)&#13;
tasks.OptionsJobs.JobsA(OptionsJobs.java:27)&#13;
tasks.OptionsJobs.JobsA(OptionsJobs.java:27)&#13;
tasks.OptionsJobs.JobsA(OptionsJobs.java:27)&#13;
tasks.OptionsJobs.JobsA(OptionsJobs.java:27)&#13;
tasks.OptionsJobs.JobsA(OptionsJobs.java:27)&#13;
tasks.OptionsJobs.JobsA(OptionsJobs.java:27)&#13;
tasks.OptionsJobs.JobsA(OptionsJobs.java:27)&#13;
tasks.OptionsJobs.JobsA(OptionsJobs.java:27)&#13;
tasks.OptionsJobs.JobsA(OptionsJobs.java:27)&#13;
tasks.OptionsJobs.JobsA(OptionsJobs.java:27)&#13;
tasks.OptionsJobs.JobsA(OptionsJobs.java:27)&#13;
tasks.OptionsJobs.JobsA(OptionsJobs.java:27)&#13;
tasks.OptionsJobs.JobsA(OptionsJobs.java:27)&#13;
tasks.OptionsJobs.JobsA(OptionsJobs.java:27)&#13;
tasks.OptionsJobs.JobsA(OptionsJobs.java:27)&#13;
tasks.OptionsJobs.JobsA(OptionsJobs.java:27)&#13;
tasks.OptionsJobs.JobsA(OptionsJobs.java:27)&#13;
tasks.OptionsJobs.JobsA(OptionsJobs.java:27)&#13;
tasks.OptionsJobs.JobsA(OptionsJobs.java:27)&#13;
tasks.OptionsJobs.JobsA(OptionsJobs.java:27)&#13;
tasks.OptionsJobs.JobsA(OptionsJobs.java:27)&#13;
tasks.OptionsJobs.JobsA(OptionsJobs.java:27)&#13;
tasks.OptionsJobs.JobsA(OptionsJobs.java:27)&#13;
tasks.OptionsJobs.JobsA(OptionsJobs.java:27)&#13;
tasks.OptionsJobs.JobsA(OptionsJobs.java:27)&#13;
tasks.OptionsJobs.JobsA(OptionsJobs.java:27)&#13;
tasks.OptionsJobs.JobsA(OptionsJobs.java:27)&#13;
tasks.OptionsJobs.JobsA(OptionsJobs.java:27)&#13;
tasks.OptionsJobs.JobsA(OptionsJobs.java:27)&#13;
tasks.OptionsJobs.JobsA(OptionsJobs.java:27)&#13;
tasks.OptionsJobs.JobsA(OptionsJobs.java:27)&#13;
tasks.OptionsJobs.JobsA(OptionsJobs.java:27)&#13;
tasks.OptionsJobs.JobsA(OptionsJobs.java:27)&#13;
tasks.OptionsJobs.JobsA(OptionsJobs.java:27)&#13;
tasks.OptionsJobs.JobsA(OptionsJobs.java:27)&#13;
tasks.OptionsJobs.JobsA(OptionsJobs.java:27)&#13;
tasks.OptionsJobs.JobsA(OptionsJobs.java:27)&#13;
tasks.OptionsJobs.JobsA(OptionsJobs.java:27)&#13;
tasks.OptionsJobs.JobsA(OptionsJobs.java:27)&#13;
tasks.OptionsJobs.JobsA(OptionsJobs.java:27)&#13;
tasks.OptionsJobs.JobsA(OptionsJobs.java:27)&#13;
tasks.OptionsJobs.JobsA(OptionsJobs.java:27)&#13;
tasks.OptionsJobs.JobsA(OptionsJobs.java:27)&#13;
tasks.OptionsJobs.JobsA(OptionsJobs.java:27)&#13;
tasks.OptionsJobs.JobsA(OptionsJobs.java:27)&#13;
tasks.OptionsJobs.JobsA(OptionsJobs.java:27)&#13;
tasks.OptionsJobs.JobsA(OptionsJobs.java:27)&#13;
tasks.OptionsJobs.JobsA(OptionsJobs.java:27)&#13;
tasks.OptionsJobs.JobsA(OptionsJobs.java:27)&#13;
tasks.OptionsJobs.JobsA(OptionsJobs.java:27)&#13;
tasks.OptionsJobs.JobsA(OptionsJobs.java:27)&#13;
tasks.OptionsJobs.JobsA(OptionsJobs.java:27)&#13;
tasks.OptionsJobs.JobsA(OptionsJobs.java:27)&#13;
tasks.OptionsJobs.JobsA(OptionsJobs.java:27)&#13;
tasks.OptionsJobs.JobsA(OptionsJobs.java:27)&#13;
tasks.OptionsJobs.JobsA(OptionsJobs.java:27)&#13;
tasks.OptionsJobs.JobsA(OptionsJobs.java:27)&#13;
tasks.OptionsJobs.JobsA(OptionsJobs.java:27)&#13;
tasks.OptionsJobs.JobsA(OptionsJobs.java:27)&#13;
tasks.OptionsJobs.JobsA(OptionsJobs.java:27)&#13;
tasks.OptionsJobs.JobsA(OptionsJobs.java:27)&#13;
tasks.OptionsJobs.JobsA(OptionsJobs.java:27)&#13;
tasks.OptionsJobs.JobsA(OptionsJobs.java:27)&#13;
tasks.OptionsJobs.JobsA(OptionsJobs.java:27)&#13;
tasks.OptionsJobs.JobsA(OptionsJobs.java:27)&#13;
tasks.OptionsJobs.JobsA(OptionsJobs.java:27)&#13;
tasks.OptionsJobs.JobsA(OptionsJobs.java:27)&#13;
tasks.OptionsJobs.JobsA(OptionsJobs.java:27)&#13;
tasks.OptionsJobs.JobsA(OptionsJobs.java:27)&#13;
tasks.OptionsJobs.JobsA(OptionsJobs.java:27)&#13;
tasks.OptionsJobs.JobsA(OptionsJobs.java:27)&#13;
tasks.OptionsJobs.JobsA(OptionsJobs.java:27)&#13;
tasks.OptionsJobs.JobsA(OptionsJobs.java:27)&#13;
tasks.OptionsJobs.JobsA(OptionsJobs.java:27)&#13;
tasks.OptionsJobs.JobsA(OptionsJobs.java:27)&#13;
tasks.OptionsJobs.JobsA(OptionsJobs.java:27)&#13;
tasks.OptionsJobs.JobsA(OptionsJobs.java:27)&#13;
tasks.OptionsJobs.JobsA(OptionsJobs.java:27)&#13;
tasks.OptionsJobs.JobsA(OptionsJobs.java:27)&#13;
tasks.OptionsJobs.JobsA(OptionsJobs.java:27)&#13;
tasks.OptionsJobs.JobsA(OptionsJobs.java:27)&#13;
tasks.OptionsJobs.JobsA(OptionsJobs.java:27)&#13;
tasks.OptionsJobs.JobsA(OptionsJobs.java:27)&#13;
tasks.OptionsJobs.JobsA(OptionsJobs.java:27)&#13;
tasks.OptionsJobs.JobsA(OptionsJobs.java:27)&#13;
tasks.OptionsJobs.JobsA(OptionsJobs.java:27)&#13;
tasks.OptionsJobs.JobsA(OptionsJobs.java:27)&#13;
tasks.OptionsJobs.JobsA(OptionsJobs.java:27)&#13;
tasks.OptionsJobs.JobsA(OptionsJobs.java:27)&#13;
tasks.OptionsJobs.JobsA(OptionsJobs.java:27)&#13;
tasks.OptionsJobs.JobsA(OptionsJobs.java:27)&#13;
tasks.OptionsJobs.JobsA(OptionsJobs.java:27)&#13;
tasks.OptionsJobs.JobsA(OptionsJobs.java:27)&#13;
tasks.OptionsJobs.JobsA(OptionsJobs.java:27)&#13;
tasks.OptionsJobs.JobsA(OptionsJobs.java:27)&#13;
tasks.OptionsJobs.JobsA(OptionsJobs.java:27)&#13;
tasks.OptionsJobs.JobsA(OptionsJobs.java:27)&#13;
tasks.OptionsJobs.JobsA(OptionsJobs.java:27)&#13;
tasks.OptionsJobs.JobsA(OptionsJobs.java:27)&#13;
tasks.OptionsJobs.JobsA(OptionsJobs.java:27)&#13;
tasks.OptionsJobs.JobsA(OptionsJobs.java:27)&#13;
tasks.OptionsJobs.JobsA(OptionsJobs.java:27)&#13;
tasks.OptionsJobs.JobsA(OptionsJobs.java:27)&#13;
tasks.OptionsJobs.JobsA(OptionsJobs.java:27)&#13;
tasks.OptionsJobs.JobsA(OptionsJobs.java:27)&#13;
tasks.OptionsJobs.JobsA(OptionsJobs.java:27)&#13;
tasks.OptionsJobs.JobsA(OptionsJobs.java:27)&#13;
tasks.OptionsJobs.JobsA(OptionsJobs.java:27)&#13;
tasks.OptionsJobs.JobsA(OptionsJobs.java:27)&#13;
tasks.OptionsJobs.JobsA(OptionsJobs.java:27)&#13;
tasks.OptionsJobs.JobsA(OptionsJobs.java:27)&#13;
tasks.OptionsJobs.JobsA(OptionsJobs.java:27)&#13;
tasks.OptionsJobs.JobsA(OptionsJobs.java:27)&#13;
tasks.OptionsJobs.JobsA(OptionsJobs.java:27)&#13;
tasks.OptionsJobs.JobsA(OptionsJobs.java:27)&#13;
tasks.OptionsJobs.JobsA(OptionsJobs.java:27)&#13;
tasks.OptionsJobs.JobsA(OptionsJobs.java:27)&#13;
tasks.OptionsJobs.JobsA(OptionsJobs.java:27)&#13;
tasks.OptionsJobs.JobsA(OptionsJobs.java:27)&#13;
tasks.OptionsJobs.JobsA(OptionsJobs.java:27)&#13;
tasks.OptionsJobs.JobsA(OptionsJobs.java:27)&#13;
tasks.OptionsJobs.JobsA(OptionsJobs.java:27)&#13;
tasks.OptionsJobs.JobsA(OptionsJobs.java:27)&#13;
tasks.OptionsJobs.JobsA(OptionsJobs.java:27)&#13;
tasks.OptionsJobs.JobsA(OptionsJobs.java:27)&#13;
tasks.OptionsJobs.JobsA(OptionsJobs.java:27)&#13;
tasks.OptionsJobs.JobsA(OptionsJobs.java:27)&#13;
tasks.OptionsJobs.JobsA(OptionsJobs.java:27)&#13;
tasks.OptionsJobs.JobsA(OptionsJobs.java:27)&#13;
tasks.OptionsJobs.JobsA(OptionsJobs.java:27)&#13;
tasks.OptionsJobs.JobsA(OptionsJobs.java:27)&#13;
tasks.OptionsJobs.JobsA(OptionsJobs.java:27)&#13;
tasks.OptionsJobs.JobsA(OptionsJobs.java:27)&#13;
tasks.OptionsJobs.JobsA(OptionsJobs.java:27)&#13;
tasks.OptionsJobs.JobsA(OptionsJobs.java:27)&#13;
tasks.OptionsJobs.JobsA(OptionsJobs.java:27)&#13;
tasks.OptionsJobs.JobsA(OptionsJobs.java:27)&#13;
tasks.OptionsJobs.JobsA(OptionsJobs.java:27)&#13;
tasks.OptionsJobs.JobsA(OptionsJobs.java:27)&#13;
tasks.OptionsJobs.JobsA(OptionsJobs.java:27)&#13;
tasks.OptionsJobs.JobsA(OptionsJobs.java:27)&#13;
tasks.OptionsJobs.JobsA(OptionsJobs.java:27)&#13;
tasks.OptionsJobs.JobsA(OptionsJobs.java:27)&#13;
tasks.OptionsJobs.JobsA(OptionsJobs.java:27)&#13;
tasks.OptionsJobs.JobsA(OptionsJobs.java:27)&#13;
tasks.OptionsJobs.JobsA(OptionsJobs.java:27)&#13;
tasks.OptionsJobs.JobsA(OptionsJobs.java:27)&#13;
tasks.OptionsJobs.JobsA(OptionsJobs.java:27)&#13;
tasks.OptionsJobs.JobsA(OptionsJobs.java:27)&#13;
tasks.OptionsJobs.JobsA(OptionsJobs.java:27)&#13;
tasks.OptionsJobs.JobsA(OptionsJobs.java:27)&#13;
tasks.OptionsJobs.JobsA(OptionsJobs.java:27)&#13;
tasks.OptionsJobs.JobsA(OptionsJobs.java:27)&#13;
tasks.OptionsJobs.JobsA(OptionsJobs.java:27)&#13;
tasks.OptionsJobs.JobsA(OptionsJobs.java:27)&#13;
tasks.OptionsJobs.JobsA(OptionsJobs.java:27)&#13;
tasks.OptionsJobs.JobsA(OptionsJobs.java:27)&#13;
tasks.OptionsJobs.JobsA(OptionsJobs.java:27)&#13;
tasks.OptionsJobs.JobsA(OptionsJobs.java:27)&#13;
tasks.OptionsJobs.JobsA(OptionsJobs.java:27)&#13;
tasks.OptionsJobs.JobsA(OptionsJobs.java:27)&#13;
tasks.OptionsJobs.JobsA(OptionsJobs.java:27)&#13;
tasks.OptionsJobs.JobsA(OptionsJobs.java:27)&#13;
tasks.OptionsJobs.JobsA(OptionsJobs.java:27)&#13;
tasks.OptionsJobs.JobsA(OptionsJobs.java:27)&#13;
tasks.OptionsJobs.JobsA(OptionsJobs.java:27)&#13;
tasks.OptionsJobs.JobsA(OptionsJobs.java:27)&#13;
tasks.OptionsJobs.JobsA(OptionsJobs.java:27)&#13;
tasks.OptionsJobs.JobsA(OptionsJobs.java:27)&#13;
tasks.OptionsJobs.JobsA(OptionsJobs.java:27)&#13;
tasks.OptionsJobs.JobsA(OptionsJobs.java:27)&#13;
tasks.OptionsJobs.JobsA(OptionsJobs.java:27)&#13;
tasks.OptionsJobs.JobsA(OptionsJobs.java:27)&#13;
tasks.OptionsJobs.JobsA(OptionsJobs.java:27)&#13;
tasks.OptionsJobs.JobsA(OptionsJobs.java:27)&#13;
tasks.OptionsJobs.JobsA(OptionsJobs.java:27)&#13;
tasks.OptionsJobs.JobsA(OptionsJobs.java:27)&#13;
tasks.OptionsJobs.JobsA(OptionsJobs.java:27)&#13;
tasks.OptionsJobs.JobsA(OptionsJobs.java:27)&#13;
tasks.OptionsJobs.JobsA(OptionsJobs.java:27)&#13;
tasks.OptionsJobs.JobsA(OptionsJobs.java:27)&#13;
tasks.OptionsJobs.JobsA(OptionsJobs.java:27)&#13;
tasks.OptionsJobs.JobsA(OptionsJobs.java:27)&#13;
tasks.OptionsJobs.JobsA(OptionsJobs.java:27)&#13;
tasks.OptionsJobs.JobsA(OptionsJobs.java:27)&#13;
tasks.OptionsJobs.JobsA(OptionsJobs.java:27)&#13;
tasks.OptionsJobs.JobsA(OptionsJobs.java:27)&#13;
tasks.OptionsJobs.JobsA(OptionsJobs.java:27)&#13;
tasks.OptionsJobs.JobsA(OptionsJobs.java:27)&#13;
tasks.OptionsJobs.JobsA(OptionsJobs.java:27)&#13;
tasks.OptionsJobs.JobsA(OptionsJobs.java:27)&#13;
tasks.OptionsJobs.JobsA(OptionsJobs.java:27)&#13;
tasks.OptionsJobs.JobsA(OptionsJobs.java:27)&#13;
tasks.OptionsJobs.JobsA(OptionsJobs.java:27)&#13;
tasks.OptionsJobs.JobsA(OptionsJobs.java:27)&#13;
tasks.OptionsJobs.JobsA(OptionsJobs.java:27)&#13;
tasks.OptionsJobs.JobsA(OptionsJobs.java:27)&#13;
tasks.OptionsJobs.JobsA(OptionsJobs.java:27)&#13;
tasks.OptionsJobs.JobsA(OptionsJobs.java:27)&#13;
tasks.OptionsJobs.JobsA(OptionsJobs.java:27)&#13;
tasks.OptionsJobs.JobsA(OptionsJobs.java:27)&#13;
tasks.OptionsJobs.JobsA(OptionsJobs.java:27)&#13;
tasks.OptionsJobs.JobsA(OptionsJobs.java:27)&#13;
tasks.OptionsJobs.JobsA(OptionsJobs.java:27)&#13;
tasks.OptionsJobs.JobsA(OptionsJobs.java:27)&#13;
tasks.OptionsJobs.JobsA(OptionsJobs.java:27)&#13;
tasks.OptionsJobs.JobsA(OptionsJobs.java:27)&#13;
tasks.OptionsJobs.JobsA(OptionsJobs.java:27)&#13;
tasks.OptionsJobs.JobsA(OptionsJobs.java:27)&#13;
tasks.OptionsJobs.JobsA(OptionsJobs.java:27)&#13;
tasks.OptionsJobs.JobsA(OptionsJobs.java:27)&#13;
tasks.OptionsJobs.JobsA(OptionsJobs.java:27)&#13;
tasks.OptionsJobs.JobsA(OptionsJobs.java:27)&#13;
tasks.OptionsJobs.JobsA(OptionsJobs.java:27)&#13;
tasks.OptionsJobs.JobsA(OptionsJobs.java:27)&#13;
tasks.OptionsJobs.JobsA(OptionsJobs.java:27)&#13;
tasks.OptionsJobs.JobsA(OptionsJobs.java:27)&#13;
tasks.OptionsJobs.JobsA(OptionsJobs.java:27)&#13;
tasks.OptionsJobs.JobsA(OptionsJobs.java:27)&#13;
tasks.OptionsJobs.JobsA(OptionsJobs.java:27)&#13;
tasks.OptionsJobs.JobsA(OptionsJobs.java:27)&#13;
tasks.OptionsJobs.JobsA(OptionsJobs.java:27)&#13;
tasks.OptionsJobs.JobsA(OptionsJobs.java:27)&#13;
tasks.OptionsJobs.JobsA(OptionsJobs.java:27)&#13;
tasks.OptionsJobs.JobsA(OptionsJobs.java:27)&#13;
tasks.OptionsJobs.JobsA(OptionsJobs.java:27)&#13;
tasks.OptionsJobs.JobsA(OptionsJobs.java:27)&#13;
tasks.OptionsJobs.JobsA(OptionsJobs.java:27)&#13;
tasks.OptionsJobs.JobsA(OptionsJobs.java:27)&#13;
tasks.OptionsJobs.JobsA(OptionsJobs.java:27)&#13;
tasks.OptionsJobs.JobsA(OptionsJobs.java:27)&#13;
tasks.OptionsJobs.JobsA(OptionsJobs.java:27)&#13;
tasks.OptionsJobs.JobsA(OptionsJobs.java:27)&#13;
tasks.OptionsJobs.JobsA(OptionsJobs.java:27)&#13;
tasks.OptionsJobs.JobsA(OptionsJobs.java:27)&#13;
tasks.OptionsJobs.JobsA(OptionsJobs.java:27)&#13;
tasks.OptionsJobs.JobsA(OptionsJobs.java:27)&#13;
tasks.OptionsJobs.JobsA(OptionsJobs.java:27)&#13;
tasks.OptionsJobs.JobsA(OptionsJobs.java:27)&#13;
tasks.OptionsJobs.JobsA(OptionsJobs.java:27)&#13;
tasks.OptionsJobs.JobsA(OptionsJobs.java:27)&#13;
tasks.OptionsJobs.JobsA(OptionsJobs.java:27)&#13;
tasks.OptionsJobs.JobsA(OptionsJobs.java:27)&#13;
tasks.OptionsJobs.JobsA(OptionsJobs.java:27)&#13;
tasks.OptionsJobs.JobsA(OptionsJobs.java:27)&#13;
tasks.OptionsJobs.JobsA(OptionsJobs.java:27)&#13;
tasks.OptionsJobs.JobsA(OptionsJobs.java:27)&#13;
tasks.OptionsJobs.JobsA(OptionsJobs.java:27)&#13;
tasks.OptionsJobs.JobsA(OptionsJobs.java:27)&#13;
tasks.OptionsJobs.JobsA(OptionsJobs.java:27)&#13;
tasks.OptionsJobs.JobsA(OptionsJobs.java:27)&#13;
tasks.OptionsJobs.JobsA(OptionsJobs.java:27)&#13;
tasks.OptionsJobs.JobsA(OptionsJobs.java:27)&#13;
tasks.OptionsJobs.JobsA(OptionsJobs.java:27)&#13;
tasks.OptionsJobs.JobsA(OptionsJobs.java:27)&#13;
tasks.OptionsJobs.JobsA(OptionsJobs.java:27)&#13;
tasks.OptionsJobs.JobsA(OptionsJobs.java:27)&#13;
tasks.OptionsJobs.JobsA(OptionsJobs.java:27)&#13;
tasks.OptionsJobs.JobsA(OptionsJobs.java:27)&#13;
tasks.OptionsJobs.JobsA(OptionsJobs.java:27)&#13;
tasks.OptionsJobs.JobsA(OptionsJobs.java:27)&#13;
tasks.OptionsJobs.JobsA(OptionsJobs.java:27)&#13;
tasks.OptionsJobs.JobsA(OptionsJobs.java:27)&#13;
tasks.OptionsJobs.JobsA(OptionsJobs.java:27)&#13;
tasks.OptionsJobs.JobsA(OptionsJobs.java:27)&#13;
tasks.OptionsJobs.JobsA(OptionsJobs.java:27)&#13;
tasks.OptionsJobs.JobsA(OptionsJobs.java:27)&#13;
tasks.OptionsJobs.JobsA(OptionsJobs.java:27)&#13;
tasks.OptionsJobs.JobsA(OptionsJobs.java:27)&#13;
tasks.OptionsJobs.JobsA(OptionsJobs.java:27)&#13;
tasks.OptionsJobs.JobsA(OptionsJobs.java:27)&#13;
tasks.OptionsJobs.JobsA(OptionsJobs.java:27)&#13;
tasks.OptionsJobs.JobsA(OptionsJobs.java:27)&#13;
tasks.OptionsJobs.JobsA(OptionsJobs.java:27)&#13;
tasks.OptionsJobs.JobsA(OptionsJobs.java:27)&#13;
tasks.OptionsJobs.JobsA(OptionsJobs.java:27)&#13;
tasks.OptionsJobs.JobsA(OptionsJobs.java:27)&#13;
tasks.OptionsJobs.JobsA(OptionsJobs.java:27)&#13;
tasks.OptionsJobs.JobsA(OptionsJobs.java:27)&#13;
tasks.OptionsJobs.JobsA(OptionsJobs.java:27)&#13;
tasks.OptionsJobs.JobsA(OptionsJobs.java:27)&#13;
tasks.OptionsJobs.JobsA(OptionsJobs.java:27)&#13;
tasks.OptionsJobs.JobsA(OptionsJobs.java:27)&#13;
tasks.OptionsJobs.JobsA(OptionsJobs.java:27)&#13;
tasks.OptionsJobs.JobsA(OptionsJobs.java:27)&#13;
tasks.OptionsJobs.JobsA(OptionsJobs.java:27)&#13;
tasks.OptionsJobs.JobsA(OptionsJobs.java:27)&#13;
tasks.OptionsJobs.JobsA(OptionsJobs.java:27)&#13;
tasks.OptionsJobs.JobsA(OptionsJobs.java:27)&#13;
tasks.OptionsJobs.JobsA(OptionsJobs.java:27)&#13;
tasks.OptionsJobs.JobsA(OptionsJobs.java:27)&#13;
tasks.OptionsJobs.JobsA(OptionsJobs.java:27)&#13;
tasks.OptionsJobs.JobsA(OptionsJobs.java:27)&#13;
tasks.OptionsJobs.JobsA(OptionsJobs.java:27)&#13;
tasks.OptionsJobs.JobsA(OptionsJobs.java:27)&#13;
tasks.OptionsJobs.JobsA(OptionsJobs.java:27)&#13;
tasks.OptionsJobs.JobsA(OptionsJobs.java:27)&#13;
tasks.OptionsJobs.JobsA(OptionsJobs.java:27)&#13;
tasks.OptionsJobs.JobsA(OptionsJobs.java:27)&#13;
tasks.OptionsJobs.JobsA(OptionsJobs.java:27)&#13;
tasks.OptionsJobs.JobsA(OptionsJobs.java:27)&#13;
tasks.OptionsJobs.JobsA(OptionsJobs.java:27)&#13;
tasks.OptionsJobs.JobsA(OptionsJobs.java:27)&#13;
tasks.OptionsJobs.JobsA(OptionsJobs.java:27)&#13;
tasks.OptionsJobs.JobsA(OptionsJobs.java:27)&#13;
tasks.OptionsJobs.JobsA(OptionsJobs.java:27)&#13;
tasks.OptionsJobs.JobsA(OptionsJobs.java:27)&#13;
tasks.OptionsJobs.JobsA(OptionsJobs.java:27)&#13;
tasks.OptionsJobs.JobsA(OptionsJobs.java:27)&#13;
tasks.OptionsJobs.JobsA(OptionsJobs.java:27)&#13;
tasks.OptionsJobs.JobsA(OptionsJobs.java:27)&#13;
tasks.OptionsJobs.JobsA(OptionsJobs.java:27)&#13;
tasks.OptionsJobs.JobsA(OptionsJobs.java:27)&#13;
tasks.OptionsJobs.JobsA(OptionsJobs.java:27)&#13;
tasks.OptionsJobs.JobsA(OptionsJobs.java:27)&#13;
tasks.OptionsJobs.JobsA(OptionsJobs.java:27)&#13;
tasks.OptionsJobs.JobsA(OptionsJobs.java:27)&#13;
tasks.OptionsJobs.JobsA(OptionsJobs.java:27)&#13;
tasks.OptionsJobs.JobsA(OptionsJobs.java:27)&#13;
tasks.OptionsJobs.JobsA(OptionsJobs.java:27)&#13;
tasks.OptionsJobs.JobsA(OptionsJobs.java:27)&#13;
tasks.OptionsJobs.JobsA(OptionsJobs.java:27)&#13;
tasks.OptionsJobs.JobsA(OptionsJobs.java:27)&#13;
tasks.OptionsJobs.JobsA(OptionsJobs.java:27)&#13;
tasks.OptionsJobs.JobsA(OptionsJobs.java:27)&#13;
tasks.OptionsJobs.JobsA(OptionsJobs.java:27)&#13;
tasks.OptionsJobs.JobsA(OptionsJobs.java:27)&#13;
tasks.OptionsJobs.JobsA(OptionsJobs.java:27)&#13;
tasks.OptionsJobs.JobsA(OptionsJobs.java:27)&#13;
tasks.OptionsJobs.JobsA(OptionsJobs.java:27)&#13;
tasks.OptionsJobs.JobsA(OptionsJobs.java:27)&#13;
tasks.OptionsJobs.JobsA(OptionsJobs.java:27)&#13;
tasks.OptionsJobs.JobsA(OptionsJobs.java:27)&#13;
tasks.OptionsJobs.JobsA(OptionsJobs.java:27)&#13;
tasks.OptionsJobs.JobsA(OptionsJobs.java:27)&#13;
tasks.OptionsJobs.JobsA(OptionsJobs.java:27)&#13;
tasks.OptionsJobs.JobsA(OptionsJobs.java:27)&#13;
tasks.OptionsJobs.JobsA(OptionsJobs.java:27)&#13;
tasks.OptionsJobs.JobsA(OptionsJobs.java:27)&#13;
tasks.OptionsJobs.JobsA(OptionsJobs.java:27)&#13;
tasks.OptionsJobs.JobsA(OptionsJobs.java:27)&#13;
tasks.OptionsJobs.JobsA(OptionsJobs.java:27)&#13;
tasks.OptionsJobs.JobsA(OptionsJobs.java:27)&#13;
tasks.OptionsJobs.JobsA(OptionsJobs.java:27)&#13;
tasks.OptionsJobs.JobsA(OptionsJobs.java:27)&#13;
tasks.OptionsJobs.JobsA(OptionsJobs.java:27)&#13;
tasks.OptionsJobs.JobsA(OptionsJobs.java:27)&#13;
tasks.OptionsJobs.JobsA(OptionsJobs.java:27)&#13;
tasks.OptionsJobs.JobsA(OptionsJobs.java:27)&#13;
tasks.OptionsJobs.JobsA(OptionsJobs.java:27)&#13;
tasks.OptionsJobs.JobsA(OptionsJobs.java:27)&#13;
tasks.OptionsJobs.JobsA(OptionsJobs.java:27)&#13;
tasks.OptionsJobs.JobsA(OptionsJobs.java:27)&#13;
tasks.OptionsJobs.JobsA(OptionsJobs.java:27)&#13;
tasks.OptionsJobs.JobsA(OptionsJobs.java:27)&#13;
tasks.OptionsJobs.JobsA(OptionsJobs.java:27)&#13;
tasks.OptionsJobs.JobsA(OptionsJobs.java:27)&#13;
tasks.OptionsJobs.JobsA(OptionsJobs.java:27)&#13;
tasks.OptionsJobs.JobsA(OptionsJobs.java:27)&#13;
tasks.OptionsJobs.JobsA(OptionsJobs.java:27)&#13;
tasks.OptionsJobs.JobsA(OptionsJobs.java:27)&#13;
tasks.OptionsJobs.JobsA(OptionsJobs.java:27)&#13;
tasks.OptionsJobs.JobsA(OptionsJobs.java:27)&#13;
tasks.OptionsJobs.JobsA(OptionsJobs.java:27)&#13;
tasks.OptionsJobs.JobsA(OptionsJobs.java:27)&#13;
tasks.OptionsJobs.JobsA(OptionsJobs.java:27)&#13;
tasks.OptionsJobs.JobsA(OptionsJobs.java:27)&#13;
tasks.OptionsJobs.JobsA(OptionsJobs.java:27)&#13;
tasks.OptionsJobs.JobsA(OptionsJobs.java:27)&#13;
tasks.OptionsJobs.JobsA(OptionsJobs.java:27)&#13;
tasks.OptionsJobs.JobsA(OptionsJobs.java:27)&#13;
tasks.OptionsJobs.JobsA(OptionsJobs.java:27)&#13;
tasks.OptionsJobs.JobsA(OptionsJobs.java:27)&#13;
tasks.OptionsJobs.JobsA(OptionsJobs.java:27)&#13;
tasks.OptionsJobs.JobsA(OptionsJobs.java:27)&#13;
tasks.OptionsJobs.JobsA(OptionsJobs.java:27)&#13;
tasks.OptionsJobs.JobsA(OptionsJobs.java:27)&#13;
tasks.OptionsJobs.JobsA(OptionsJobs.java:27)&#13;
tasks.OptionsJobs.JobsA(OptionsJobs.java:27)&#13;
tasks.OptionsJobs.JobsA(OptionsJobs.java:27)&#13;
tasks.OptionsJobs.JobsA(OptionsJobs.java:27)&#13;
tasks.OptionsJobs.JobsA(OptionsJobs.java:27)&#13;
tasks.OptionsJobs.JobsA(OptionsJobs.java:27)&#13;
tasks.OptionsJobs.JobsA(OptionsJobs.java:27)&#13;
tasks.OptionsJobs.JobsA(OptionsJobs.java:27)&#13;
tasks.OptionsJobs.JobsA(OptionsJobs.java:27)&#13;
tasks.OptionsJobs.JobsA(OptionsJobs.java:27)&#13;
tasks.OptionsJobs.JobsA(OptionsJobs.java:27)&#13;
tasks.OptionsJobs.JobsA(OptionsJobs.java:27)&#13;
tasks.OptionsJobs.JobsA(OptionsJobs.java:27)&#13;
tasks.OptionsJobs.JobsA(OptionsJobs.java:27)&#13;
tasks.OptionsJobs.JobsA(OptionsJobs.java:27)&#13;
tasks.OptionsJobs.JobsA(OptionsJobs.java:27)&#13;
tasks.OptionsJobs.JobsA(OptionsJobs.java:27)&#13;
tasks.OptionsJobs.JobsA(OptionsJobs.java:27)&#13;
tasks.OptionsJobs.JobsA(OptionsJobs.java:27)&#13;
tasks.OptionsJobs.JobsA(OptionsJobs.java:27)&#13;
tasks.OptionsJobs.JobsA(OptionsJobs.java:27)&#13;
tasks.OptionsJobs.JobsA(OptionsJobs.java:27)&#13;
tasks.OptionsJobs.JobsA(OptionsJobs.java:27)&#13;
tasks.OptionsJobs.JobsA(OptionsJobs.java:27)&#13;
tasks.OptionsJobs.JobsA(OptionsJobs.java:27)&#13;
tasks.OptionsJobs.JobsA(OptionsJobs.java:27)&#13;
tasks.OptionsJobs.JobsA(OptionsJobs.java:27)&#13;
tasks.OptionsJobs.JobsA(OptionsJobs.java:27)&#13;
tasks.OptionsJobs.JobsA(OptionsJobs.java:27)&#13;
tasks.OptionsJobs.JobsA(OptionsJobs.java:27)&#13;
tasks.OptionsJobs.JobsA(OptionsJobs.java:27)&#13;
tasks.OptionsJobs.JobsA(OptionsJobs.java:27)&#13;
tasks.OptionsJobs.JobsA(OptionsJobs.java:27)&#13;
tasks.OptionsJobs.JobsA(OptionsJobs.java:27)&#13;
tasks.OptionsJobs.JobsA(OptionsJobs.java:27)&#13;
tasks.OptionsJobs.JobsA(OptionsJobs.java:27)&#13;
tasks.OptionsJobs.JobsA(OptionsJobs.java:27)&#13;
tasks.OptionsJobs.JobsA(OptionsJobs.java:27)&#13;
tasks.OptionsJobs.JobsA(OptionsJobs.java:27)&#13;
tasks.OptionsJobs.JobsA(OptionsJobs.java:27)&#13;
tasks.OptionsJobs.JobsA(OptionsJobs.java:27)&#13;
tasks.OptionsJobs.JobsA(OptionsJobs.java:27)&#13;
tasks.OptionsJobs.JobsA(OptionsJobs.java:27)&#13;
tasks.OptionsJobs.JobsA(OptionsJobs.java:27)&#13;
tasks.OptionsJobs.JobsA(OptionsJobs.java:27)&#13;
tasks.OptionsJobs.JobsA(OptionsJobs.java:27)&#13;
tasks.OptionsJobs.JobsA(OptionsJobs.java:27)&#13;
tasks.OptionsJobs.JobsA(OptionsJobs.java:27)&#13;
tasks.OptionsJobs.JobsA(OptionsJobs.java:27)&#13;
tasks.OptionsJobs.JobsA(OptionsJobs.java:27)&#13;
tasks.OptionsJobs.JobsA(OptionsJobs.java:27)&#13;
tasks.OptionsJobs.JobsA(OptionsJobs.java:27)&#13;
tasks.OptionsJobs.JobsA(OptionsJobs.java:27)&#13;
tasks.OptionsJobs.JobsA(OptionsJobs.java:27)&#13;
tasks.OptionsJobs.JobsA(OptionsJobs.java:27)&#13;
tasks.OptionsJobs.JobsA(OptionsJobs.java:27)&#13;
tasks.OptionsJobs.JobsA(OptionsJobs.java:27)&#13;
tasks.OptionsJobs.JobsA(OptionsJobs.java:27)&#13;
tasks.OptionsJobs.JobsA(OptionsJobs.java:27)&#13;
tasks.OptionsJobs.JobsA(OptionsJobs.java:27)&#13;
tasks.OptionsJobs.JobsA(OptionsJobs.java:27)&#13;
tasks.OptionsJobs.JobsA(OptionsJobs.java:27)&#13;
tasks.OptionsJobs.JobsA(OptionsJobs.java:27)&#13;
tasks.OptionsJobs.JobsA(OptionsJobs.java:27)&#13;
tasks.OptionsJobs.JobsA(OptionsJobs.java:27)&#13;
tasks.OptionsJobs.JobsA(OptionsJobs.java:27)&#13;
tasks.OptionsJobs.JobsA(OptionsJobs.java:27)&#13;
tasks.OptionsJobs.JobsA(OptionsJobs.java:27)&#13;
tasks.OptionsJobs.JobsA(OptionsJobs.java:27)&#13;
tasks.OptionsJobs.JobsA(OptionsJobs.java:27)&#13;
tasks.OptionsJobs.JobsA(OptionsJobs.java:27)&#13;
tasks.OptionsJobs.JobsA(OptionsJobs.java:27)&#13;
tasks.OptionsJobs.JobsA(OptionsJobs.java:27)&#13;
tasks.OptionsJobs.JobsA(OptionsJobs.java:27)&#13;
tasks.OptionsJobs.JobsA(OptionsJobs.java:27)&#13;
tasks.OptionsJobs.JobsA(OptionsJobs.java:27)&#13;
tasks.OptionsJobs.JobsA(OptionsJobs.java:27)&#13;
tasks.OptionsJobs.JobsA(OptionsJobs.java:27)&#13;
tasks.OptionsJobs.JobsA(OptionsJobs.java:27)&#13;
tasks.OptionsJobs.JobsA(OptionsJobs.java:27)&#13;
tasks.OptionsJobs.JobsA(OptionsJobs.java:27)&#13;
tasks.OptionsJobs.JobsA(OptionsJobs.java:27)&#13;
tasks.OptionsJobs.JobsA(OptionsJobs.java:27)&#13;
tasks.OptionsJobs.JobsA(OptionsJobs.java:27)&#13;
tasks.OptionsJobs.JobsA(OptionsJobs.java:27)&#13;
tasks.OptionsJobs.JobsA(OptionsJobs.java:27)&#13;
tasks.OptionsJobs.JobsA(OptionsJobs.java:27)&#13;
tasks.OptionsJobs.JobsA(OptionsJobs.java:27)&#13;
tasks.OptionsJobs.JobsA(OptionsJobs.java:27)&#13;
tasks.OptionsJobs.JobsA(OptionsJobs.java:27)&#13;
tasks.OptionsJobs.JobsA(OptionsJobs.java:27)&#13;
tasks.OptionsJobs.JobsA(OptionsJobs.java:27)&#13;
tasks.OptionsJobs.JobsA(OptionsJobs.java:27)&#13;
tasks.OptionsJobs.JobsA(OptionsJobs.java:27)&#13;
tasks.OptionsJobs.JobsA(OptionsJobs.java:27)&#13;
tasks.OptionsJobs.JobsA(OptionsJobs.java:27)&#13;
tasks.OptionsJobs.JobsA(OptionsJobs.java:27)&#13;
tasks.OptionsJobs.JobsA(OptionsJobs.java:27)&#13;
tasks.OptionsJobs.JobsA(OptionsJobs.java:27)&#13;
tasks.OptionsJobs.JobsA(OptionsJobs.java:27)&#13;
tasks.OptionsJobs.JobsA(OptionsJobs.java:27)&#13;
tasks.OptionsJobs.JobsA(OptionsJobs.java:27)&#13;
tasks.OptionsJobs.JobsA(OptionsJobs.java:27)&#13;
tasks.OptionsJobs.JobsA(OptionsJobs.java:27)&#13;
tasks.OptionsJobs.JobsA(OptionsJobs.java:27)&#13;
tasks.OptionsJobs.JobsA(OptionsJobs.java:27)&#13;
tasks.OptionsJobs.JobsA(OptionsJobs.java:27)&#13;
tasks.OptionsJobs.JobsA(OptionsJobs.java:27)&#13;
tasks.OptionsJobs.JobsA(OptionsJobs.java:27)&#13;
tasks.OptionsJobs.JobsA(OptionsJobs.java:27)&#13;
tasks.OptionsJobs.JobsA(OptionsJobs.java:27)&#13;
tasks.OptionsJobs.JobsA(OptionsJobs.java:27)&#13;
tasks.OptionsJobs.JobsA(OptionsJobs.java:27)&#13;
tasks.OptionsJobs.JobsA(OptionsJobs.java:27)&#13;
tasks.OptionsJobs.JobsA(OptionsJobs.java:27)&#13;
tasks.OptionsJobs.JobsA(OptionsJobs.java:27)&#13;
tasks.OptionsJobs.JobsA(OptionsJobs.java:27)&#13;
tasks.OptionsJobs.JobsA(OptionsJobs.java:27)&#13;
tasks.OptionsJobs.JobsA(OptionsJobs.java:27)&#13;
tasks.OptionsJobs.JobsA(OptionsJobs.java:27)&#13;
tasks.OptionsJobs.JobsA(OptionsJobs.java:27)&#13;
tasks.OptionsJobs.JobsA(OptionsJobs.java:27)&#13;
tasks.OptionsJobs.JobsA(OptionsJobs.java:27)&#13;
tasks.OptionsJobs.JobsA(OptionsJobs.java:27)&#13;
tasks.OptionsJobs.JobsA(OptionsJobs.java:27)&#13;
tasks.OptionsJobs.JobsA(OptionsJobs.java:27)&#13;
tasks.OptionsJobs.JobsA(OptionsJobs.java:27)&#13;
tasks.OptionsJobs.JobsA(OptionsJobs.java:27)&#13;
tasks.OptionsJobs.JobsA(OptionsJobs.java:27)&#13;
tasks.OptionsJobs.JobsA(OptionsJobs.java:27)&#13;
tasks.OptionsJobs.JobsA(OptionsJobs.java:27)&#13;
tasks.OptionsJobs.JobsA(OptionsJobs.java:27)&#13;
tasks.OptionsJobs.JobsA(OptionsJobs.java:27)&#13;
tasks.OptionsJobs.JobsA(OptionsJobs.java:27)&#13;
tasks.OptionsJobs.JobsA(OptionsJobs.java:27)&#13;
tasks.OptionsJobs.JobsA(OptionsJobs.java:27)&#13;
tasks.OptionsJobs.JobsA(OptionsJobs.java:27)&#13;
tasks.OptionsJobs.JobsA(OptionsJobs.java:27)&#13;
tasks.OptionsJobs.JobsA(OptionsJobs.java:27)&#13;
tasks.OptionsJobs.JobsA(OptionsJobs.java:27)&#13;
tasks.OptionsJobs.JobsA(OptionsJobs.java:27)&#13;
tasks.OptionsJobs.JobsA(OptionsJobs.java:27)&#13;
tasks.OptionsJobs.JobsA(OptionsJobs.java:27)&#13;
tasks.OptionsJobs.JobsA(OptionsJobs.java:27)&#13;
tasks.OptionsJobs.JobsA(OptionsJobs.java:27)&#13;
tasks.OptionsJobs.JobsA(OptionsJobs.java:27)&#13;
tasks.OptionsJobs.JobsA(OptionsJobs.java:27)&#13;
tasks.OptionsJobs.JobsA(OptionsJobs.java:27)&#13;
tasks.OptionsJobs.JobsA(OptionsJobs.java:27)&#13;
tasks.OptionsJobs.JobsA(OptionsJobs.java:27)&#13;
tasks.OptionsJobs.JobsA(OptionsJobs.java:27)&#13;
tasks.OptionsJobs.JobsA(OptionsJobs.java:27)&#13;
tasks.OptionsJobs.JobsA(OptionsJobs.java:27)&#13;
tasks.OptionsJobs.JobsA(OptionsJobs.java:27)&#13;
tasks.OptionsJobs.JobsA(OptionsJobs.java:27)&#13;
tasks.OptionsJobs.JobsA(OptionsJobs.java:27)&#13;
tasks.OptionsJobs.JobsA(OptionsJobs.java:27)&#13;
tasks.OptionsJobs.JobsA(OptionsJobs.java:27)&#13;
tasks.OptionsJobs.JobsA(OptionsJobs.java:27)&#13;
tasks.OptionsJobs.JobsA(OptionsJobs.java:27)&#13;
tasks.OptionsJobs.JobsA(OptionsJobs.java:27)&#13;
tasks.OptionsJobs.JobsA(OptionsJobs.java:27)&#13;
tasks.OptionsJobs.JobsA(OptionsJobs.java:27)&#13;
tasks.OptionsJobs.JobsA(OptionsJobs.java:27)&#13;
tasks.OptionsJobs.JobsA(OptionsJobs.java:27)&#13;
tasks.OptionsJobs.JobsA(OptionsJobs.java:27)&#13;
tasks.OptionsJobs.JobsA(OptionsJobs.java:27)&#13;
tasks.OptionsJobs.JobsA(OptionsJobs.java:27)&#13;
tasks.OptionsJobs.JobsA(OptionsJobs.java:27)&#13;
tasks.OptionsJobs.JobsA(OptionsJobs.java:27)&#13;
tasks.OptionsJobs.JobsA(OptionsJobs.java:27)&#13;
tasks.OptionsJobs.JobsA(OptionsJobs.java:27)&#13;
tasks.OptionsJobs.JobsA(OptionsJobs.java:27)&#13;
tasks.OptionsJobs.JobsA(OptionsJobs.java:27)&#13;
tasks.OptionsJobs.JobsA(OptionsJobs.java:27)&#13;
tasks.OptionsJobs.JobsA(OptionsJobs.java:27)&#13;
tasks.OptionsJobs.JobsA(OptionsJobs.java:27)&#13;
tasks.OptionsJobs.JobsA(OptionsJobs.java:27)&#13;
tasks.OptionsJobs.JobsA(OptionsJobs.java:27)&#13;
tasks.OptionsJobs.JobsA(OptionsJobs.java:27)&#13;
tasks.OptionsJobs.JobsA(OptionsJobs.java:27)&#13;
tasks.OptionsJobs.JobsA(OptionsJobs.java:27)&#13;
tasks.OptionsJobs.JobsA(OptionsJobs.java:27)&#13;
tasks.OptionsJobs.JobsA(OptionsJobs.java:27)&#13;
tasks.OptionsJobs.JobsA(OptionsJobs.java:27)&#13;
tasks.OptionsJobs.JobsA(OptionsJobs.java:27)&#13;
tasks.OptionsJobs.JobsA(OptionsJobs.java:27)&#13;
tasks.OptionsJobs.JobsA(OptionsJobs.java:27)&#13;
tasks.OptionsJobs.JobsA(OptionsJobs.java:27)&#13;
tasks.OptionsJobs.JobsA(OptionsJobs.java:27)&#13;
tasks.OptionsJobs.JobsA(OptionsJobs.java:27)&#13;
tasks.OptionsJobs.JobsA(OptionsJobs.java:27)&#13;
tasks.OptionsJobs.JobsA(OptionsJobs.java:27)&#13;
tasks.OptionsJobs.JobsA(OptionsJobs.java:27)&#13;
tasks.OptionsJobs.JobsA(OptionsJobs.java:27)&#13;
tasks.OptionsJobs.JobsA(OptionsJobs.java:27)&#13;
tasks.OptionsJobs.JobsA(OptionsJobs.java:27)&#13;
tasks.OptionsJobs.JobsA(OptionsJobs.java:27)&#13;
tasks.OptionsJobs.JobsA(OptionsJobs.java:27)&#13;
tasks.OptionsJobs.JobsA(OptionsJobs.java:27)&#13;
tasks.OptionsJobs.JobsA(OptionsJobs.java:27)&#13;
tasks.OptionsJobs.JobsA(OptionsJobs.java:27)&#13;
tasks.OptionsJobs.JobsA(OptionsJobs.java:27)&#13;
tasks.OptionsJobs.JobsA(OptionsJobs.java:27)&#13;
tasks.OptionsJobs.JobsA(OptionsJobs.java:27)&#13;
tasks.OptionsJobs.JobsA(OptionsJobs.java:27)&#13;
tasks.OptionsJobs.JobsA(OptionsJobs.java:27)&#13;
tasks.OptionsJobs.JobsA(OptionsJobs.java:27)&#13;
tasks.OptionsJobs.JobsA(OptionsJobs.java:27)&#13;
tasks.OptionsJobs.JobsA(OptionsJobs.java:27)&#13;
tasks.OptionsJobs.JobsA(OptionsJobs.java:27)&#13;
tasks.OptionsJobs.JobsA(OptionsJobs.java:27)&#13;
tasks.OptionsJobs.JobsA(OptionsJobs.java:27)&#13;
tasks.OptionsJobs.JobsA(OptionsJobs.java:27)&#13;
tasks.OptionsJobs.JobsA(OptionsJobs.java:27)&#13;
tasks.OptionsJobs.JobsA(OptionsJobs.java:27)&#13;
tasks.OptionsJobs.JobsA(OptionsJobs.java:27)&#13;
tasks.OptionsJobs.JobsA(OptionsJobs.java:27)&#13;
tasks.OptionsJobs.JobsA(OptionsJobs.java:27)&#13;
tasks.OptionsJobs.JobsA(OptionsJobs.java:27)&#13;
tasks.OptionsJobs.JobsA(OptionsJobs.java:27)&#13;
tasks.OptionsJobs.JobsA(OptionsJobs.java:27)&#13;
tasks.OptionsJobs.JobsA(OptionsJobs.java:27)&#13;
tasks.OptionsJobs.JobsA(OptionsJobs.java:27)&#13;
tasks.OptionsJobs.JobsA(OptionsJobs.java:27)&#13;
tasks.OptionsJobs.JobsA(OptionsJobs.java:27)&#13;
tasks.OptionsJobs.JobsA(OptionsJobs.java:27)&#13;
tasks.OptionsJobs.JobsA(OptionsJobs.java:27)&#13;
tasks.OptionsJobs.JobsA(OptionsJobs.java:27)&#13;
tasks.OptionsJobs.JobsA(OptionsJobs.java:27)&#13;
tasks.OptionsJobs.JobsA(OptionsJobs.java:27)&#13;
tasks.OptionsJobs.JobsA(OptionsJobs.java:27)&#13;
tasks.OptionsJobs.JobsA(OptionsJobs.java:27)&#13;
tasks.OptionsJobs.JobsA(OptionsJobs.java:27)&#13;
tasks.OptionsJobs.JobsA(OptionsJobs.java:27)&#13;
tasks.OptionsJobs.JobsA(OptionsJobs.java:27)&#13;
tasks.OptionsJobs.JobsA(OptionsJobs.java:27)&#13;
tasks.OptionsJobs.JobsA(OptionsJobs.java:27)&#13;
tasks.OptionsJobs.JobsA(OptionsJobs.java:27)&#13;
tasks.OptionsJobs.JobsA(OptionsJobs.java:27)&#13;
tasks.OptionsJobs.JobsA(OptionsJobs.java:27)&#13;
tasks.OptionsJobs.JobsA(OptionsJobs.java:27)&#13;
tasks.OptionsJobs.JobsA(OptionsJobs.java:27)&#13;
tasks.OptionsJobs.JobsA(OptionsJobs.java:27)&#13;
tasks.OptionsJobs.JobsA(OptionsJobs.java:27)&#13;
tasks.OptionsJobs.JobsA(OptionsJobs.java:27)&#13;
tasks.OptionsJobs.JobsA(OptionsJobs.java:27)&#13;
tasks.OptionsJobs.JobsA(OptionsJobs.java:27)&#13;
tasks.OptionsJobs.JobsA(OptionsJobs.java:27)&#13;
tasks.OptionsJobs.JobsA(OptionsJobs.java:27)&#13;
tasks.OptionsJobs.JobsA(OptionsJobs.java:27)&#13;
tasks.OptionsJobs.JobsA(OptionsJobs.java:27)&#13;
tasks.OptionsJobs.JobsA(OptionsJobs.java:27)&#13;
tasks.OptionsJobs.JobsA(OptionsJobs.java:27)&#13;
tasks.OptionsJobs.JobsA(OptionsJobs.java:27)&#13;
tasks.OptionsJobs.JobsA(OptionsJobs.java:27)&#13;
tasks.OptionsJobs.JobsA(OptionsJobs.java:27)&#13;
tasks.OptionsJobs.JobsA(OptionsJobs.java:27)&#13;
tasks.OptionsJobs.JobsA(OptionsJobs.java:27)&#13;
tasks.OptionsJobs.JobsA(OptionsJobs.java:27)&#13;
tasks.OptionsJobs.JobsA(OptionsJobs.java:27)&#13;
tasks.OptionsJobs.JobsA(OptionsJobs.java:27)&#13;
tasks.OptionsJobs.JobsA(OptionsJobs.java:27)&#13;
tasks.OptionsJobs.JobsA(OptionsJobs.java:27)&#13;
tasks.OptionsJobs.JobsA(OptionsJobs.java:27)&#13;
tasks.OptionsJobs.JobsA(OptionsJobs.java:27)&#13;
tasks.OptionsJobs.JobsA(OptionsJobs.java:27)&#13;
tasks.OptionsJobs.JobsA(OptionsJobs.java:27)&#13;
tasks.OptionsJobs.JobsA(OptionsJobs.java:27)&#13;
tasks.OptionsJobs.JobsA(OptionsJobs.java:27)&#13;
tasks.OptionsJobs.JobsA(OptionsJobs.java:27)&#13;
tasks.OptionsJobs.JobsA(OptionsJobs.java:27)&#13;
tasks.OptionsJobs.JobsA(OptionsJobs.java:27)&#13;
tasks.OptionsJobs.JobsA(OptionsJobs.java:27)&#13;
tasks.OptionsJobs.JobsA(OptionsJobs.java:27)&#13;
tasks.OptionsJobs.JobsA(OptionsJobs.java:27)&#13;
tasks.OptionsJobs.JobsA(OptionsJobs.java:27)&#13;
tasks.OptionsJobs.JobsA(OptionsJobs.java:27)&#13;
tasks.OptionsJobs.JobsA(OptionsJobs.java:27)&#13;
tasks.OptionsJobs.JobsA(OptionsJobs.java:27)&#13;
tasks.OptionsJobs.JobsA(OptionsJobs.java:27)&#13;
tasks.OptionsJobs.JobsA(OptionsJobs.java:27)&#13;
tasks.OptionsJobs.JobsA(OptionsJobs.java:27)&#13;
tasks.OptionsJobs.JobsA(OptionsJobs.java:27)&#13;
tasks.OptionsJobs.JobsA(OptionsJobs.java:27)&#13;
tasks.OptionsJobs.JobsA(OptionsJobs.java:27)&#13;
tasks.OptionsJobs.JobsA(OptionsJobs.java:27)&#13;
tasks.OptionsJobs.JobsA(OptionsJobs.java:27)&#13;
tasks.OptionsJobs.JobsA(OptionsJobs.java:27)&#13;
tasks.OptionsJobs.JobsA(OptionsJobs.java:27)&#13;
tasks.OptionsJobs.JobsA(OptionsJobs.java:27)&#13;
tasks.OptionsJobs.JobsA(OptionsJobs.java:27)&#13;
tasks.OptionsJobs.JobsA(OptionsJobs.java:27)&#13;
tasks.OptionsJobs.JobsA(OptionsJobs.java:27)&#13;
tasks.OptionsJobs.JobsA(OptionsJobs.java:27)&#13;
tasks.OptionsJobs.JobsA(OptionsJobs.java:27)&#13;
tasks.OptionsJobs.JobsA(OptionsJobs.java:27)&#13;
tasks.OptionsJobs.JobsA(OptionsJobs.java:27)&#13;
tasks.OptionsJobs.JobsA(OptionsJobs.java:27)&#13;
tasks.OptionsJobs.JobsA(OptionsJobs.java:27)&#13;
tasks.OptionsJobs.JobsA(OptionsJobs.java:27)&#13;
tasks.OptionsJobs.JobsA(OptionsJobs.java:27)&#13;
tasks.OptionsJobs.JobsA(OptionsJobs.java:27)&#13;
tasks.OptionsJobs.JobsA(OptionsJobs.java:27)&#13;
tasks.OptionsJobs.JobsA(OptionsJobs.java:27)&#13;
tasks.OptionsJobs.JobsA(OptionsJobs.java:27)&#13;
tasks.OptionsJobs.JobsA(OptionsJobs.java:27)&#13;
tasks.OptionsJobs.JobsA(OptionsJobs.java:27)&#13;
tasks.OptionsJobs.JobsA(OptionsJobs.java:27)&#13;
tasks.OptionsJobs.JobsA(OptionsJobs.java:27)&#13;
tasks.OptionsJobs.JobsA(OptionsJobs.java:27)&#13;
tasks.OptionsJobs.JobsA(OptionsJobs.java:27)&#13;
tasks.OptionsJobs.JobsA(OptionsJobs.java:27)&#13;
tasks.OptionsJobs.JobsA(OptionsJobs.java:27)&#13;
tasks.OptionsJobs.JobsA(OptionsJobs.java:27)&#13;
tasks.OptionsJobs.JobsA(OptionsJobs.java:27)&#13;
tasks.OptionsJobs.JobsA(OptionsJobs.java:27)&#13;
tasks.OptionsJobs.JobsA(OptionsJobs.java:27)&#13;
tasks.OptionsJobs.JobsA(OptionsJobs.java:27)&#13;
tasks.OptionsJobs.JobsA(OptionsJobs.java:27)&#13;
tasks.OptionsJobs.JobsA(OptionsJobs.java:27)&#13;
tasks.OptionsJobs.JobsA(OptionsJobs.java:27)&#13;
tasks.OptionsJobs.JobsA(OptionsJobs.java:27)&#13;
tasks.OptionsJobs.JobsA(OptionsJobs.java:27)&#13;
tasks.OptionsJobs.JobsA(OptionsJobs.java:27)&#13;
tasks.OptionsJobs.JobsA(OptionsJobs.java:27)&#13;
tasks.OptionsJobs.JobsA(OptionsJobs.java:27)&#13;
tasks.OptionsJobs.JobsA(OptionsJobs.java:27)&#13;
tasks.OptionsJobs.JobsA(OptionsJobs.java:27)&#13;
tasks.OptionsJobs.JobsA(OptionsJobs.java:27)&#13;
tasks.OptionsJobs.JobsA(OptionsJobs.java:27)&#13;
tasks.OptionsJobs.JobsA(OptionsJobs.java:27)&#13;
tasks.OptionsJobs.JobsA(OptionsJobs.java:27)&#13;
tasks.OptionsJobs.JobsA(OptionsJobs.java:27)&#13;
tasks.OptionsJobs.JobsA(OptionsJobs.java:27)&#13;
tasks.OptionsJobs.JobsA(OptionsJobs.java:27)&#13;
tasks.OptionsJobs.JobsA(OptionsJobs.java:27)&#13;
tasks.OptionsJobs.JobsA(OptionsJobs.java:27)&#13;
tasks.OptionsJobs.JobsA(OptionsJobs.java:27)&#13;
tasks.OptionsJobs.JobsA(OptionsJobs.java:27)&#13;
tasks.OptionsJobs.JobsA(OptionsJobs.java:27)&#13;
tasks.OptionsJobs.JobsA(OptionsJobs.java:27)&#13;
tasks.OptionsJobs.JobsA(OptionsJobs.java:27)&#13;
tasks.OptionsJobs.JobsA(OptionsJobs.java:27)&#13;
tasks.OptionsJobs.JobsA(OptionsJobs.java:27)&#13;
tasks.OptionsJobs.JobsA(OptionsJobs.java:27)&#13;
tasks.OptionsJobs.JobsA(OptionsJobs.java:27)&#13;
tasks.OptionsJobs.JobsA(OptionsJobs.java:27)&#13;
tasks.OptionsJobs.JobsA(OptionsJobs.java:27)&#13;
tasks.OptionsJobs.JobsA(OptionsJobs.java:27)&#13;
tasks.OptionsJobs.JobsA(OptionsJobs.java:27)&#13;
tasks.OptionsJobs.JobsA(OptionsJobs.java:27)&#13;
tasks.OptionsJobs.JobsA(OptionsJobs.java:27)&#13;
tasks.OptionsJobs.JobsA(OptionsJobs.java:27)&#13;
tasks.OptionsJobs.JobsA(OptionsJobs.java:27)&#13;
tasks.OptionsJobs.JobsA(OptionsJobs.java:27)&#13;
tasks.OptionsJobs.JobsA(OptionsJobs.java:27)&#13;
tasks.OptionsJobs.JobsA(OptionsJobs.java:27)&#13;
tasks.OptionsJobs.JobsA(OptionsJobs.java:27)&#13;
tasks.OptionsJobs.JobsA(OptionsJobs.java:27)&#13;
tasks.OptionsJobs.JobsA(OptionsJobs.java:27)&#13;
tasks.OptionsJobs.JobsA(OptionsJobs.java:27)&#13;
tasks.OptionsJobs.JobsA(OptionsJobs.java:27)&#13;
tasks.OptionsJobs.JobsA(OptionsJobs.java:27)&#13;
tasks.OptionsJobs.JobsA(OptionsJobs.java:27)&#13;
tasks.OptionsJobs.JobsA(OptionsJobs.java:27)&#13;
tasks.OptionsJobs.JobsA(OptionsJobs.java:27)&#13;
tasks.OptionsJobs.JobsA(OptionsJobs.java:27)&#13;
tasks.OptionsJobs.JobsA(OptionsJobs.java:27)&#13;
tasks.OptionsJobs.JobsA(OptionsJobs.java:27)&#13;
tasks.OptionsJobs.JobsA(OptionsJobs.java:27)&#13;
tasks.OptionsJobs.JobsA(OptionsJobs.java:27)&#13;
tasks.OptionsJobs.JobsA(OptionsJobs.java:27)&#13;
tasks.OptionsJobs.JobsA(OptionsJobs.java:27)&#13;
tasks.OptionsJobs.JobsA(OptionsJobs.java:27)&#13;
tasks.OptionsJobs.JobsA(OptionsJobs.java:27)&#13;
tasks.OptionsJobs.JobsA(OptionsJobs.java:27)&#13;
tasks.OptionsJobs.JobsA(OptionsJobs.java:27)&#13;
tasks.OptionsJobs.JobsA(OptionsJobs.java:27)&#13;
tasks.OptionsJobs.JobsA(OptionsJobs.java:27)&#13;
tasks.OptionsJobs.JobsA(OptionsJobs.java:27)&#13;
tasks.OptionsJobs.JobsA(OptionsJobs.java:27)&#13;
tasks.OptionsJobs.JobsA(OptionsJobs.java:27)&#13;
tasks.OptionsJobs.JobsA(OptionsJobs.java:27)&#13;
tasks.OptionsJobs.JobsA(OptionsJobs.java:27)&#13;
tasks.OptionsJobs.JobsA(OptionsJobs.java:27)&#13;
tasks.OptionsJobs.JobsA(OptionsJobs.java:27)&#13;
tasks.OptionsJobs.JobsA(OptionsJobs.java:27)&#13;
tasks.OptionsJobs.JobsA(OptionsJobs.java:27)&#13;
tasks.OptionsJobs.JobsA(OptionsJobs.java:27)&#13;
tasks.OptionsJobs.JobsA(OptionsJobs.java:27)&#13;
tasks.OptionsJobs.JobsA(OptionsJobs.java:27)&#13;
tasks.OptionsJobs.JobsA(OptionsJobs.java:27)&#13;
tasks.OptionsJobs.JobsA(OptionsJobs.java:27)&#13;
tasks.OptionsJobs.JobsA(OptionsJobs.java:27)&#13;
tasks.OptionsJobs.JobsA(OptionsJobs.java:27)&#13;
tasks.OptionsJobs.JobsA(OptionsJobs.java:27)&#13;
tasks.OptionsJobs.JobsA(OptionsJobs.java:27)&#13;
tasks.OptionsJobs.JobsA(OptionsJobs.java:27)&#13;
tasks.OptionsJobs.JobsA(OptionsJobs.java:27)&#13;
tasks.OptionsJobs.JobsA(OptionsJobs.java:27)&#13;
tasks.OptionsJobs.JobsA(OptionsJobs.java:27)&#13;
tasks.OptionsJobs.JobsA(OptionsJobs.java:27)&#13;
tasks.OptionsJobs.JobsA(OptionsJobs.java:27)&#13;
tasks.OptionsJobs.JobsA(OptionsJobs.java:27)&#13;
tasks.OptionsJobs.JobsA(OptionsJobs.java:27)&#13;
tasks.OptionsJobs.JobsA(OptionsJobs.java:27)&#13;
tasks.OptionsJobs.JobsA(OptionsJobs.java:27)&#13;
tasks.OptionsJobs.JobsA(OptionsJobs.java:27)&#13;
tasks.OptionsJobs.JobsA(OptionsJobs.java:27)&#13;
tasks.OptionsJobs.JobsA(OptionsJobs.java:27)&#13;
tasks.OptionsJobs.JobsA(OptionsJobs.java:27)&#13;
tasks.OptionsJobs.JobsA(OptionsJobs.java:27)&#13;
tasks.OptionsJobs.JobsA(OptionsJobs.java:27)&#13;
tasks.OptionsJobs.JobsA(OptionsJobs.java:27)&#13;
tasks.OptionsJobs.JobsA(OptionsJobs.java:27)&#13;
tasks.OptionsJobs.JobsA(OptionsJobs.java:27)&#13;
tasks.OptionsJobs.JobsA(OptionsJobs.java:27)&#13;
tasks.OptionsJobs.JobsA(OptionsJobs.java:27)&#13;
tasks.OptionsJobs.JobsA(OptionsJobs.java:27)&#13;
tasks.OptionsJobs.JobsA(OptionsJobs.java:27)&#13;
tasks.OptionsJobs.JobsA(OptionsJobs.java:27)&#13;
tasks.OptionsJobs.JobsA(OptionsJobs.java:27)&#13;
tasks.OptionsJobs.JobsA(OptionsJobs.java:27)&#13;
tasks.OptionsJobs.JobsA(OptionsJobs.java:27)&#13;
tasks.OptionsJobs.JobsA(OptionsJobs.java:27)&#13;
tasks.OptionsJobs.JobsA(OptionsJobs.java:27)&#13;
tasks.OptionsJobs.JobsA(OptionsJobs.java:27)&#13;
tasks.OptionsJobs.JobsA(OptionsJobs.java:27)&#13;
tasks.OptionsJobs.JobsA(OptionsJobs.java:27)&#13;
tasks.OptionsJobs.JobsA(OptionsJobs.java:27)&#13;
tasks.OptionsJobs.JobsA(OptionsJobs.java:27)&#13;
tasks.OptionsJobs.JobsA(OptionsJobs.java:27)&#13;
tasks.OptionsJobs.JobsA(OptionsJobs.java:27)&#13;
tasks.OptionsJobs.JobsA(OptionsJobs.java:27)&#13;
tasks.OptionsJobs.JobsA(OptionsJobs.java:27)&#13;
tasks.OptionsJobs.JobsA(OptionsJobs.java:27)&#13;
tasks.OptionsJobs.JobsA(OptionsJobs.java:27)&#13;
tasks.OptionsJobs.JobsA(OptionsJobs.java:27)&#13;
tasks.OptionsJobs.JobsA(OptionsJobs.java:27)&#13;
tasks.OptionsJobs.JobsA(OptionsJobs.java:27)&#13;
tasks.OptionsJobs.JobsA(OptionsJobs.java:27)&#13;
tasks.OptionsJobs.JobsA(OptionsJobs.java:27)&#13;
tasks.OptionsJobs.JobsA(OptionsJobs.java:27)&#13;
tasks.OptionsJobs.JobsA(OptionsJobs.java:27)&#13;
tasks.OptionsJobs.JobsA(OptionsJobs.java:27)&#13;
tasks.OptionsJobs.JobsA(OptionsJobs.java:27)&#13;
tasks.OptionsJobs.JobsA(OptionsJobs.java:27)&#13;
tasks.OptionsJobs.JobsA(OptionsJobs.java:27)&#13;
tasks.OptionsJobs.JobsA(OptionsJobs.java:27)&#13;
tasks.OptionsJobs.JobsA(OptionsJobs.java:27)&#13;
tasks.OptionsJobs.JobsA(OptionsJobs.java:27)&#13;
tasks.OptionsJobs.JobsA(OptionsJobs.java:27)&#13;
tasks.OptionsJobs.JobsA(OptionsJobs.java:27)&#13;
tasks.OptionsJobs.JobsA(OptionsJobs.java:27)&#13;
tasks.OptionsJobs.JobsA(OptionsJobs.java:27)&#13;
tasks.OptionsJobs.JobsA(OptionsJobs.java:27)&#13;
tasks.OptionsJobs.JobsA(OptionsJobs.java:27)&#13;
tasks.OptionsJobs.JobsA(OptionsJobs.java:27)&#13;
tasks.OptionsJobs.JobsA(OptionsJobs.java:27)&#13;
tasks.OptionsJobs.JobsA(OptionsJobs.java:27)&#13;
tasks.OptionsJobs.JobsA(OptionsJobs.java:27)&#13;
tasks.OptionsJobs.JobsA(OptionsJobs.java:27)&#13;
tasks.OptionsJobs.JobsA(OptionsJobs.java:27)&#13;
tasks.OptionsJobs.JobsA(OptionsJobs.java:27)&#13;
tasks.OptionsJobs.JobsA(OptionsJobs.java:27)&#13;
tasks.OptionsJobs.JobsA(OptionsJobs.java:27)&#13;
tasks.OptionsJobs.JobsA(OptionsJobs.java:27)&#13;
tasks.OptionsJobs.JobsA(OptionsJobs.java:27)&#13;
tasks.OptionsJobs.JobsA(OptionsJobs.java:27)&#13;
tasks.OptionsJobs.JobsA(OptionsJobs.java:27)&#13;
tasks.OptionsJobs.JobsA(OptionsJobs.java:27)&#13;
tasks.OptionsJobs.JobsA(OptionsJobs.java:27)&#13;
tasks.OptionsJobs.JobsA(OptionsJobs.java:27)&#13;
tasks.OptionsJobs.JobsA(OptionsJobs.java:27)&#13;
tasks.OptionsJobs.JobsA(OptionsJobs.java:27)&#13;
tasks.OptionsJobs.JobsA(OptionsJobs.java:27)&#13;
tasks.OptionsJobs.JobsA(OptionsJobs.java:27)&#13;
tasks.OptionsJobs.JobsA(OptionsJobs.java:27)&#13;
tasks.OptionsJobs.JobsA(OptionsJobs.java:27)&#13;
tasks.OptionsJobs.JobsA(OptionsJobs.java:27)&#13;
tasks.OptionsJobs.JobsA(OptionsJobs.java:27)&#13;
tasks.OptionsJobs.JobsA(OptionsJobs.java:27)&#13;
tasks.OptionsJobs.JobsA(OptionsJobs.java:27)&#13;
tasks.OptionsJobs.JobsA(OptionsJobs.java:27)&#13;
tasks.OptionsJobs.JobsA(OptionsJobs.java:27)&#13;
tasks.OptionsJobs.JobsA(OptionsJobs.java:27)&#13;
tasks.OptionsJobs.JobsA(OptionsJobs.java:27)&#13;
tasks.OptionsJobs.JobsA(OptionsJobs.java:27)&#13;
tasks.OptionsJobs.JobsA(OptionsJobs.java:27)&#13;
tasks.OptionsJobs.JobsA(OptionsJobs.java:27)&#13;
tasks.OptionsJobs.JobsA(OptionsJobs.java:27)&#13;
tasks.OptionsJobs.JobsA(OptionsJobs.java:27)&#13;
tasks.OptionsJobs.JobsA(OptionsJobs.java:27)&#13;
tasks.OptionsJobs.JobsA(OptionsJobs.java:27)&#13;
tasks.OptionsJobs.JobsA(OptionsJobs.java:27)&#13;
tasks.OptionsJobs.JobsA(OptionsJobs.java:27)&#13;
tasks.OptionsJobs.JobsA(OptionsJobs.java:27)&#13;
tasks.OptionsJobs.JobsA(OptionsJobs.java:27)&#13;
tasks.OptionsJobs.JobsA(OptionsJobs.java:27)&#13;
tasks.OptionsJobs.JobsA(OptionsJobs.java:27)&#13;
tasks.OptionsJobs.JobsA(OptionsJobs.java:27)&#13;
tasks.OptionsJobs.JobsA(OptionsJobs.java:27)&#13;
tasks.OptionsJobs.JobsA(OptionsJobs.java:27)&#13;
tasks.OptionsJobs.JobsA(OptionsJobs.java:27)&#13;
tasks.OptionsJobs.JobsA(OptionsJobs.java:27)&#13;
tasks.OptionsJobs.JobsA(OptionsJobs.java:27)&#13;
tasks.OptionsJobs.JobsA(OptionsJobs.java:27)&#13;
tasks.OptionsJobs.JobsA(OptionsJobs.java:27)&#13;
tasks.OptionsJobs.JobsA(OptionsJobs.java:27)&#13;
tasks.OptionsJobs.JobsA(OptionsJobs.java:27)&#13;
tasks.OptionsJobs.JobsA(OptionsJobs.java:27)&#13;
tasks.OptionsJobs.JobsA(OptionsJobs.java:27)&#13;
tasks.OptionsJobs.JobsA(OptionsJobs.java:27)&#13;
tasks.OptionsJobs.JobsA(OptionsJobs.java:27)&#13;
tasks.OptionsJobs.JobsA(OptionsJobs.java:27)&#13;
tasks.OptionsJobs.JobsA(OptionsJobs.java:27)&#13;
tasks.OptionsJobs.JobsA(OptionsJobs.java:27)&#13;
tasks.OptionsJobs.JobsA(OptionsJobs.java:27)&#13;
tasks.OptionsJobs.JobsA(OptionsJobs.java:27)&#13;
tasks.OptionsJobs.JobsA(OptionsJobs.java:27)&#13;
tasks.OptionsJobs.JobsA(OptionsJobs.java:27)&#13;
tasks.OptionsJobs.JobsA(OptionsJobs.java:27)&#13;
tasks.OptionsJobs.JobsA(OptionsJobs.java:27)&#13;
tasks.OptionsJobs.JobsA(OptionsJobs.java:27)&#13;
tasks.OptionsJobs.JobsA(OptionsJobs.java:27)&#13;
tasks.OptionsJobs.JobsA(OptionsJobs.java:27)&#13;
tasks.OptionsJobs.JobsA(OptionsJobs.java:27)&#13;
tasks.OptionsJobs.JobsA(OptionsJobs.java:27)&#13;
tasks.OptionsJobs.JobsA(OptionsJobs.java:27)&#13;
tasks.OptionsJobs.JobsA(OptionsJobs.java:27)&#13;
tasks.OptionsJobs.JobsA(OptionsJobs.java:27)&#13;
tasks.OptionsJobs.JobsA(OptionsJobs.java:27)&#13;
tasks.OptionsJobs.JobsA(OptionsJobs.java:27)&#13;
tasks.OptionsJobs.JobsA(OptionsJobs.java:27)&#13;
tasks.OptionsJobs.JobsA(OptionsJobs.java:27)&#13;
tasks.OptionsJobs.JobsA(OptionsJobs.java:27)&#13;
tasks.OptionsJobs.JobsA(OptionsJobs.java:27)&#13;
tasks.OptionsJobs.JobsA(OptionsJobs.java:27)&#13;
tasks.OptionsJobs.JobsA(OptionsJobs.java:27)&#13;
tasks.OptionsJobs.JobsA(OptionsJobs.java:27)&#13;
tasks.OptionsJobs.JobsA(OptionsJobs.java:27)&#13;
tasks.OptionsJobs.JobsA(OptionsJobs.java:27)&#13;
tasks.OptionsJobs.JobsA(OptionsJobs.java:27)&#13;
tasks.OptionsJobs.JobsA(OptionsJobs.java:27)&#13;
tasks.OptionsJobs.JobsA(OptionsJobs.java:27)&#13;
tasks.OptionsJobs.JobsA(OptionsJobs.java:27)&#13;
tasks.OptionsJobs.JobsA(OptionsJobs.java:27)&#13;
tasks.OptionsJobs.JobsA(OptionsJobs.java:27)&#13;
✽.user selects the job option(src/test/resources/features/VisualizarVacantes.feature:11)&#13;
</system-err></testcase></testsuite>