<?xml version="1.0" encoding="UTF-8"?><testsuite errors="1" failures="0" name="VisualizarEmpleosDisponiblesDeChoucairPaginaMagneto" skipped="0" tests="1" time="43.94" timestamp="2021-07-15 10:38:22"><testcase name="View choucair's jobs"><error type="java.lang.StackOverflowError"/><system-err>null&#13;
tasks.OptionsJobs.OptionsJobs(OptionsJobs.java:18)&#13;
tasks.OptionsJobs.OptionsJobs(OptionsJobs.java:18)&#13;
tasks.OptionsJobs.OptionsJobs(OptionsJobs.java:18)&#13;
tasks.OptionsJobs.OptionsJobs(OptionsJobs.java:18)&#13;
tasks.OptionsJobs.OptionsJobs(OptionsJobs.java:18)&#13;
tasks.OptionsJobs.OptionsJobs(OptionsJobs.java:18)&#13;
tasks.OptionsJobs.OptionsJobs(OptionsJobs.java:18)&#13;
tasks.OptionsJobs.OptionsJobs(OptionsJobs.java:18)&#13;
tasks.OptionsJobs.OptionsJobs(OptionsJobs.java:18)&#13;
tasks.OptionsJobs.OptionsJobs(OptionsJobs.java:18)&#13;
tasks.OptionsJobs.OptionsJobs(OptionsJobs.java:18)&#13;
tasks.OptionsJobs.OptionsJobs(OptionsJobs.java:18)&#13;
tasks.OptionsJobs.OptionsJobs(OptionsJobs.java:18)&#13;
tasks.OptionsJobs.OptionsJobs(OptionsJobs.java:18)&#13;
tasks.OptionsJobs.OptionsJobs(OptionsJobs.java:18)&#13;
tasks.OptionsJobs.OptionsJobs(OptionsJobs.java:18)&#13;
tasks.OptionsJobs.OptionsJobs(OptionsJobs.java:18)&#13;
tasks.OptionsJobs.OptionsJobs(OptionsJobs.java:18)&#13;
tasks.OptionsJobs.OptionsJobs(OptionsJobs.java:18)&#13;
tasks.OptionsJobs.OptionsJobs(OptionsJobs.java:18)&#13;
tasks.OptionsJobs.OptionsJobs(OptionsJobs.java:18)&#13;
tasks.OptionsJobs.OptionsJobs(OptionsJobs.java:18)&#13;
tasks.OptionsJobs.OptionsJobs(OptionsJobs.java:18)&#13;
tasks.OptionsJobs.OptionsJobs(OptionsJobs.java:18)&#13;
tasks.OptionsJobs.OptionsJobs(OptionsJobs.java:18)&#13;
tasks.OptionsJobs.OptionsJobs(OptionsJobs.java:18)&#13;
tasks.OptionsJobs.OptionsJobs(OptionsJobs.java:18)&#13;
tasks.OptionsJobs.OptionsJobs(OptionsJobs.java:18)&#13;
tasks.OptionsJobs.OptionsJobs(OptionsJobs.java:18)&#13;
tasks.OptionsJobs.OptionsJobs(OptionsJobs.java:18)&#13;
tasks.OptionsJobs.OptionsJobs(OptionsJobs.java:18)&#13;
tasks.OptionsJobs.OptionsJobs(OptionsJobs.java:18)&#13;
tasks.OptionsJobs.OptionsJobs(OptionsJobs.java:18)&#13;
tasks.OptionsJobs.OptionsJobs(OptionsJobs.java:18)&#13;
tasks.OptionsJobs.OptionsJobs(OptionsJobs.java:18)&#13;
tasks.OptionsJobs.OptionsJobs(OptionsJobs.java:18)&#13;
tasks.OptionsJobs.OptionsJobs(OptionsJobs.java:18)&#13;
tasks.OptionsJobs.OptionsJobs(OptionsJobs.java:18)&#13;
tasks.OptionsJobs.OptionsJobs(OptionsJobs.java:18)&#13;
tasks.OptionsJobs.OptionsJobs(OptionsJobs.java:18)&#13;
tasks.OptionsJobs.OptionsJobs(OptionsJobs.java:18)&#13;
tasks.OptionsJobs.OptionsJobs(OptionsJobs.java:18)&#13;
tasks.OptionsJobs.OptionsJobs(OptionsJobs.java:18)&#13;
tasks.OptionsJobs.OptionsJobs(OptionsJobs.java:18)&#13;
tasks.OptionsJobs.OptionsJobs(OptionsJobs.java:18)&#13;
tasks.OptionsJobs.OptionsJobs(OptionsJobs.java:18)&#13;
tasks.OptionsJobs.OptionsJobs(OptionsJobs.java:18)&#13;
tasks.OptionsJobs.OptionsJobs(OptionsJobs.java:18)&#13;
tasks.OptionsJobs.OptionsJobs(OptionsJobs.java:18)&#13;
tasks.OptionsJobs.OptionsJobs(OptionsJobs.java:18)&#13;
tasks.OptionsJobs.OptionsJobs(OptionsJobs.java:18)&#13;
tasks.OptionsJobs.OptionsJobs(OptionsJobs.java:18)&#13;
tasks.OptionsJobs.OptionsJobs(OptionsJobs.java:18)&#13;
tasks.OptionsJobs.OptionsJobs(OptionsJobs.java:18)&#13;
tasks.OptionsJobs.OptionsJobs(OptionsJobs.java:18)&#13;
tasks.OptionsJobs.OptionsJobs(OptionsJobs.java:18)&#13;
tasks.OptionsJobs.OptionsJobs(OptionsJobs.java:18)&#13;
tasks.OptionsJobs.OptionsJobs(OptionsJobs.java:18)&#13;
tasks.OptionsJobs.OptionsJobs(OptionsJobs.java:18)&#13;
tasks.OptionsJobs.OptionsJobs(OptionsJobs.java:18)&#13;
tasks.OptionsJobs.OptionsJobs(OptionsJobs.java:18)&#13;
tasks.OptionsJobs.OptionsJobs(OptionsJobs.java:18)&#13;
tasks.OptionsJobs.OptionsJobs(OptionsJobs.java:18)&#13;
tasks.OptionsJobs.OptionsJobs(OptionsJobs.java:18)&#13;
tasks.OptionsJobs.OptionsJobs(OptionsJobs.java:18)&#13;
tasks.OptionsJobs.OptionsJobs(OptionsJobs.java:18)&#13;
tasks.OptionsJobs.OptionsJobs(OptionsJobs.java:18)&#13;
tasks.OptionsJobs.OptionsJobs(OptionsJobs.java:18)&#13;
tasks.OptionsJobs.OptionsJobs(OptionsJobs.java:18)&#13;
tasks.OptionsJobs.OptionsJobs(OptionsJobs.java:18)&#13;
tasks.OptionsJobs.OptionsJobs(OptionsJobs.java:18)&#13;
tasks.OptionsJobs.OptionsJobs(OptionsJobs.java:18)&#13;
tasks.OptionsJobs.OptionsJobs(OptionsJobs.java:18)&#13;
tasks.OptionsJobs.OptionsJobs(OptionsJobs.java:18)&#13;
tasks.OptionsJobs.OptionsJobs(OptionsJobs.java:18)&#13;
tasks.OptionsJobs.OptionsJobs(OptionsJobs.java:18)&#13;
tasks.OptionsJobs.OptionsJobs(OptionsJobs.java:18)&#13;
tasks.OptionsJobs.OptionsJobs(OptionsJobs.java:18)&#13;
tasks.OptionsJobs.OptionsJobs(OptionsJobs.java:18)&#13;
tasks.OptionsJobs.OptionsJobs(OptionsJobs.java:18)&#13;
tasks.OptionsJobs.OptionsJobs(OptionsJobs.java:18)&#13;
tasks.OptionsJobs.OptionsJobs(OptionsJobs.java:18)&#13;
tasks.OptionsJobs.OptionsJobs(OptionsJobs.java:18)&#13;
tasks.OptionsJobs.OptionsJobs(OptionsJobs.java:18)&#13;
tasks.OptionsJobs.OptionsJobs(OptionsJobs.java:18)&#13;
tasks.OptionsJobs.OptionsJobs(OptionsJobs.java:18)&#13;
tasks.OptionsJobs.OptionsJobs(OptionsJobs.java:18)&#13;
tasks.OptionsJobs.OptionsJobs(OptionsJobs.java:18)&#13;
tasks.OptionsJobs.OptionsJobs(OptionsJobs.java:18)&#13;
tasks.OptionsJobs.OptionsJobs(OptionsJobs.java:18)&#13;
tasks.OptionsJobs.OptionsJobs(OptionsJobs.java:18)&#13;
tasks.OptionsJobs.OptionsJobs(OptionsJobs.java:18)&#13;
tasks.OptionsJobs.OptionsJobs(OptionsJobs.java:18)&#13;
tasks.OptionsJobs.OptionsJobs(OptionsJobs.java:18)&#13;
tasks.OptionsJobs.OptionsJobs(OptionsJobs.java:18)&#13;
tasks.OptionsJobs.OptionsJobs(OptionsJobs.java:18)&#13;
tasks.OptionsJobs.OptionsJobs(OptionsJobs.java:18)&#13;
tasks.OptionsJobs.OptionsJobs(OptionsJobs.java:18)&#13;
tasks.OptionsJobs.OptionsJobs(OptionsJobs.java:18)&#13;
tasks.OptionsJobs.OptionsJobs(OptionsJobs.java:18)&#13;
tasks.OptionsJobs.OptionsJobs(OptionsJobs.java:18)&#13;
tasks.OptionsJobs.OptionsJobs(OptionsJobs.java:18)&#13;
tasks.OptionsJobs.OptionsJobs(OptionsJobs.java:18)&#13;
tasks.OptionsJobs.OptionsJobs(OptionsJobs.java:18)&#13;
tasks.OptionsJobs.OptionsJobs(OptionsJobs.java:18)&#13;
tasks.OptionsJobs.OptionsJobs(OptionsJobs.java:18)&#13;
tasks.OptionsJobs.OptionsJobs(OptionsJobs.java:18)&#13;
tasks.OptionsJobs.OptionsJobs(OptionsJobs.java:18)&#13;
tasks.OptionsJobs.OptionsJobs(OptionsJobs.java:18)&#13;
tasks.OptionsJobs.OptionsJobs(OptionsJobs.java:18)&#13;
tasks.OptionsJobs.OptionsJobs(OptionsJobs.java:18)&#13;
tasks.OptionsJobs.OptionsJobs(OptionsJobs.java:18)&#13;
tasks.OptionsJobs.OptionsJobs(OptionsJobs.java:18)&#13;
tasks.OptionsJobs.OptionsJobs(OptionsJobs.java:18)&#13;
tasks.OptionsJobs.OptionsJobs(OptionsJobs.java:18)&#13;
tasks.OptionsJobs.OptionsJobs(OptionsJobs.java:18)&#13;
tasks.OptionsJobs.OptionsJobs(OptionsJobs.java:18)&#13;
tasks.OptionsJobs.OptionsJobs(OptionsJobs.java:18)&#13;
tasks.OptionsJobs.OptionsJobs(OptionsJobs.java:18)&#13;
tasks.OptionsJobs.OptionsJobs(OptionsJobs.java:18)&#13;
tasks.OptionsJobs.OptionsJobs(OptionsJobs.java:18)&#13;
tasks.OptionsJobs.OptionsJobs(OptionsJobs.java:18)&#13;
tasks.OptionsJobs.OptionsJobs(OptionsJobs.java:18)&#13;
tasks.OptionsJobs.OptionsJobs(OptionsJobs.java:18)&#13;
tasks.OptionsJobs.OptionsJobs(OptionsJobs.java:18)&#13;
tasks.OptionsJobs.OptionsJobs(OptionsJobs.java:18)&#13;
tasks.OptionsJobs.OptionsJobs(OptionsJobs.java:18)&#13;
tasks.OptionsJobs.OptionsJobs(OptionsJobs.java:18)&#13;
tasks.OptionsJobs.OptionsJobs(OptionsJobs.java:18)&#13;
tasks.OptionsJobs.OptionsJobs(OptionsJobs.java:18)&#13;
tasks.OptionsJobs.OptionsJobs(OptionsJobs.java:18)&#13;
tasks.OptionsJobs.OptionsJobs(OptionsJobs.java:18)&#13;
tasks.OptionsJobs.OptionsJobs(OptionsJobs.java:18)&#13;
tasks.OptionsJobs.OptionsJobs(OptionsJobs.java:18)&#13;
tasks.OptionsJobs.OptionsJobs(OptionsJobs.java:18)&#13;
tasks.OptionsJobs.OptionsJobs(OptionsJobs.java:18)&#13;
tasks.OptionsJobs.OptionsJobs(OptionsJobs.java:18)&#13;
tasks.OptionsJobs.OptionsJobs(OptionsJobs.java:18)&#13;
tasks.OptionsJobs.OptionsJobs(OptionsJobs.java:18)&#13;
tasks.OptionsJobs.OptionsJobs(OptionsJobs.java:18)&#13;
tasks.OptionsJobs.OptionsJobs(OptionsJobs.java:18)&#13;
tasks.OptionsJobs.OptionsJobs(OptionsJobs.java:18)&#13;
tasks.OptionsJobs.OptionsJobs(OptionsJobs.java:18)&#13;
tasks.OptionsJobs.OptionsJobs(OptionsJobs.java:18)&#13;
tasks.OptionsJobs.OptionsJobs(OptionsJobs.java:18)&#13;
tasks.OptionsJobs.OptionsJobs(OptionsJobs.java:18)&#13;
tasks.OptionsJobs.OptionsJobs(OptionsJobs.java:18)&#13;
tasks.OptionsJobs.OptionsJobs(OptionsJobs.java:18)&#13;
tasks.OptionsJobs.OptionsJobs(OptionsJobs.java:18)&#13;
tasks.OptionsJobs.OptionsJobs(OptionsJobs.java:18)&#13;
tasks.OptionsJobs.OptionsJobs(OptionsJobs.java:18)&#13;
tasks.OptionsJobs.OptionsJobs(OptionsJobs.java:18)&#13;
tasks.OptionsJobs.OptionsJobs(OptionsJobs.java:18)&#13;
tasks.OptionsJobs.OptionsJobs(OptionsJobs.java:18)&#13;
tasks.OptionsJobs.OptionsJobs(OptionsJobs.java:18)&#13;
tasks.OptionsJobs.OptionsJobs(OptionsJobs.java:18)&#13;
tasks.OptionsJobs.OptionsJobs(OptionsJobs.java:18)&#13;
tasks.OptionsJobs.OptionsJobs(OptionsJobs.java:18)&#13;
tasks.OptionsJobs.OptionsJobs(OptionsJobs.java:18)&#13;
tasks.OptionsJobs.OptionsJobs(OptionsJobs.java:18)&#13;
tasks.OptionsJobs.OptionsJobs(OptionsJobs.java:18)&#13;
tasks.OptionsJobs.OptionsJobs(OptionsJobs.java:18)&#13;
tasks.OptionsJobs.OptionsJobs(OptionsJobs.java:18)&#13;
tasks.OptionsJobs.OptionsJobs(OptionsJobs.java:18)&#13;
tasks.OptionsJobs.OptionsJobs(OptionsJobs.java:18)&#13;
tasks.OptionsJobs.OptionsJobs(OptionsJobs.java:18)&#13;
tasks.OptionsJobs.OptionsJobs(OptionsJobs.java:18)&#13;
tasks.OptionsJobs.OptionsJobs(OptionsJobs.java:18)&#13;
tasks.OptionsJobs.OptionsJobs(OptionsJobs.java:18)&#13;
tasks.OptionsJobs.OptionsJobs(OptionsJobs.java:18)&#13;
tasks.OptionsJobs.OptionsJobs(OptionsJobs.java:18)&#13;
tasks.OptionsJobs.OptionsJobs(OptionsJobs.java:18)&#13;
tasks.OptionsJobs.OptionsJobs(OptionsJobs.java:18)&#13;
tasks.OptionsJobs.OptionsJobs(OptionsJobs.java:18)&#13;
tasks.OptionsJobs.OptionsJobs(OptionsJobs.java:18)&#13;
tasks.OptionsJobs.OptionsJobs(OptionsJobs.java:18)&#13;
tasks.OptionsJobs.OptionsJobs(OptionsJobs.java:18)&#13;
tasks.OptionsJobs.OptionsJobs(OptionsJobs.java:18)&#13;
tasks.OptionsJobs.OptionsJobs(OptionsJobs.java:18)&#13;
tasks.OptionsJobs.OptionsJobs(OptionsJobs.java:18)&#13;
tasks.OptionsJobs.OptionsJobs(OptionsJobs.java:18)&#13;
tasks.OptionsJobs.OptionsJobs(OptionsJobs.java:18)&#13;
tasks.OptionsJobs.OptionsJobs(OptionsJobs.java:18)&#13;
tasks.OptionsJobs.OptionsJobs(OptionsJobs.java:18)&#13;
tasks.OptionsJobs.OptionsJobs(OptionsJobs.java:18)&#13;
tasks.OptionsJobs.OptionsJobs(OptionsJobs.java:18)&#13;
tasks.OptionsJobs.OptionsJobs(OptionsJobs.java:18)&#13;
tasks.OptionsJobs.OptionsJobs(OptionsJobs.java:18)&#13;
tasks.OptionsJobs.OptionsJobs(OptionsJobs.java:18)&#13;
tasks.OptionsJobs.OptionsJobs(OptionsJobs.java:18)&#13;
tasks.OptionsJobs.OptionsJobs(OptionsJobs.java:18)&#13;
tasks.OptionsJobs.OptionsJobs(OptionsJobs.java:18)&#13;
tasks.OptionsJobs.OptionsJobs(OptionsJobs.java:18)&#13;
tasks.OptionsJobs.OptionsJobs(OptionsJobs.java:18)&#13;
tasks.OptionsJobs.OptionsJobs(OptionsJobs.java:18)&#13;
tasks.OptionsJobs.OptionsJobs(OptionsJobs.java:18)&#13;
tasks.OptionsJobs.OptionsJobs(OptionsJobs.java:18)&#13;
tasks.OptionsJobs.OptionsJobs(OptionsJobs.java:18)&#13;
tasks.OptionsJobs.OptionsJobs(OptionsJobs.java:18)&#13;
tasks.OptionsJobs.OptionsJobs(OptionsJobs.java:18)&#13;
tasks.OptionsJobs.OptionsJobs(OptionsJobs.java:18)&#13;
tasks.OptionsJobs.OptionsJobs(OptionsJobs.java:18)&#13;
tasks.OptionsJobs.OptionsJobs(OptionsJobs.java:18)&#13;
tasks.OptionsJobs.OptionsJobs(OptionsJobs.java:18)&#13;
tasks.OptionsJobs.OptionsJobs(OptionsJobs.java:18)&#13;
tasks.OptionsJobs.OptionsJobs(OptionsJobs.java:18)&#13;
tasks.OptionsJobs.OptionsJobs(OptionsJobs.java:18)&#13;
tasks.OptionsJobs.OptionsJobs(OptionsJobs.java:18)&#13;
tasks.OptionsJobs.OptionsJobs(OptionsJobs.java:18)&#13;
tasks.OptionsJobs.OptionsJobs(OptionsJobs.java:18)&#13;
tasks.OptionsJobs.OptionsJobs(OptionsJobs.java:18)&#13;
tasks.OptionsJobs.OptionsJobs(OptionsJobs.java:18)&#13;
tasks.OptionsJobs.OptionsJobs(OptionsJobs.java:18)&#13;
tasks.OptionsJobs.OptionsJobs(OptionsJobs.java:18)&#13;
tasks.OptionsJobs.OptionsJobs(OptionsJobs.java:18)&#13;
tasks.OptionsJobs.OptionsJobs(OptionsJobs.java:18)&#13;
tasks.OptionsJobs.OptionsJobs(OptionsJobs.java:18)&#13;
tasks.OptionsJobs.OptionsJobs(OptionsJobs.java:18)&#13;
tasks.OptionsJobs.OptionsJobs(OptionsJobs.java:18)&#13;
tasks.OptionsJobs.OptionsJobs(OptionsJobs.java:18)&#13;
tasks.OptionsJobs.OptionsJobs(OptionsJobs.java:18)&#13;
tasks.OptionsJobs.OptionsJobs(OptionsJobs.java:18)&#13;
tasks.OptionsJobs.OptionsJobs(OptionsJobs.java:18)&#13;
tasks.OptionsJobs.OptionsJobs(OptionsJobs.java:18)&#13;
tasks.OptionsJobs.OptionsJobs(OptionsJobs.java:18)&#13;
tasks.OptionsJobs.OptionsJobs(OptionsJobs.java:18)&#13;
tasks.OptionsJobs.OptionsJobs(OptionsJobs.java:18)&#13;
tasks.OptionsJobs.OptionsJobs(OptionsJobs.java:18)&#13;
tasks.OptionsJobs.OptionsJobs(OptionsJobs.java:18)&#13;
tasks.OptionsJobs.OptionsJobs(OptionsJobs.java:18)&#13;
tasks.OptionsJobs.OptionsJobs(OptionsJobs.java:18)&#13;
tasks.OptionsJobs.OptionsJobs(OptionsJobs.java:18)&#13;
tasks.OptionsJobs.OptionsJobs(OptionsJobs.java:18)&#13;
tasks.OptionsJobs.OptionsJobs(OptionsJobs.java:18)&#13;
tasks.OptionsJobs.OptionsJobs(OptionsJobs.java:18)&#13;
tasks.OptionsJobs.OptionsJobs(OptionsJobs.java:18)&#13;
tasks.OptionsJobs.OptionsJobs(OptionsJobs.java:18)&#13;
tasks.OptionsJobs.OptionsJobs(OptionsJobs.java:18)&#13;
tasks.OptionsJobs.OptionsJobs(OptionsJobs.java:18)&#13;
tasks.OptionsJobs.OptionsJobs(OptionsJobs.java:18)&#13;
tasks.OptionsJobs.OptionsJobs(OptionsJobs.java:18)&#13;
tasks.OptionsJobs.OptionsJobs(OptionsJobs.java:18)&#13;
tasks.OptionsJobs.OptionsJobs(OptionsJobs.java:18)&#13;
tasks.OptionsJobs.OptionsJobs(OptionsJobs.java:18)&#13;
tasks.OptionsJobs.OptionsJobs(OptionsJobs.java:18)&#13;
tasks.OptionsJobs.OptionsJobs(OptionsJobs.java:18)&#13;
tasks.OptionsJobs.OptionsJobs(OptionsJobs.java:18)&#13;
tasks.OptionsJobs.OptionsJobs(OptionsJobs.java:18)&#13;
tasks.OptionsJobs.OptionsJobs(OptionsJobs.java:18)&#13;
tasks.OptionsJobs.OptionsJobs(OptionsJobs.java:18)&#13;
tasks.OptionsJobs.OptionsJobs(OptionsJobs.java:18)&#13;
tasks.OptionsJobs.OptionsJobs(OptionsJobs.java:18)&#13;
tasks.OptionsJobs.OptionsJobs(OptionsJobs.java:18)&#13;
tasks.OptionsJobs.OptionsJobs(OptionsJobs.java:18)&#13;
tasks.OptionsJobs.OptionsJobs(OptionsJobs.java:18)&#13;
tasks.OptionsJobs.OptionsJobs(OptionsJobs.java:18)&#13;
tasks.OptionsJobs.OptionsJobs(OptionsJobs.java:18)&#13;
tasks.OptionsJobs.OptionsJobs(OptionsJobs.java:18)&#13;
tasks.OptionsJobs.OptionsJobs(OptionsJobs.java:18)&#13;
tasks.OptionsJobs.OptionsJobs(OptionsJobs.java:18)&#13;
tasks.OptionsJobs.OptionsJobs(OptionsJobs.java:18)&#13;
tasks.OptionsJobs.OptionsJobs(OptionsJobs.java:18)&#13;
tasks.OptionsJobs.OptionsJobs(OptionsJobs.java:18)&#13;
tasks.OptionsJobs.OptionsJobs(OptionsJobs.java:18)&#13;
tasks.OptionsJobs.OptionsJobs(OptionsJobs.java:18)&#13;
tasks.OptionsJobs.OptionsJobs(OptionsJobs.java:18)&#13;
tasks.OptionsJobs.OptionsJobs(OptionsJobs.java:18)&#13;
tasks.OptionsJobs.OptionsJobs(OptionsJobs.java:18)&#13;
tasks.OptionsJobs.OptionsJobs(OptionsJobs.java:18)&#13;
tasks.OptionsJobs.OptionsJobs(OptionsJobs.java:18)&#13;
tasks.OptionsJobs.OptionsJobs(OptionsJobs.java:18)&#13;
tasks.OptionsJobs.OptionsJobs(OptionsJobs.java:18)&#13;
tasks.OptionsJobs.OptionsJobs(OptionsJobs.java:18)&#13;
tasks.OptionsJobs.OptionsJobs(OptionsJobs.java:18)&#13;
tasks.OptionsJobs.OptionsJobs(OptionsJobs.java:18)&#13;
tasks.OptionsJobs.OptionsJobs(OptionsJobs.java:18)&#13;
tasks.OptionsJobs.OptionsJobs(OptionsJobs.java:18)&#13;
tasks.OptionsJobs.OptionsJobs(OptionsJobs.java:18)&#13;
tasks.OptionsJobs.OptionsJobs(OptionsJobs.java:18)&#13;
tasks.OptionsJobs.OptionsJobs(OptionsJobs.java:18)&#13;
tasks.OptionsJobs.OptionsJobs(OptionsJobs.java:18)&#13;
tasks.OptionsJobs.OptionsJobs(OptionsJobs.java:18)&#13;
tasks.OptionsJobs.OptionsJobs(OptionsJobs.java:18)&#13;
tasks.OptionsJobs.OptionsJobs(OptionsJobs.java:18)&#13;
tasks.OptionsJobs.OptionsJobs(OptionsJobs.java:18)&#13;
tasks.OptionsJobs.OptionsJobs(OptionsJobs.java:18)&#13;
tasks.OptionsJobs.OptionsJobs(OptionsJobs.java:18)&#13;
tasks.OptionsJobs.OptionsJobs(OptionsJobs.java:18)&#13;
tasks.OptionsJobs.OptionsJobs(OptionsJobs.java:18)&#13;
tasks.OptionsJobs.OptionsJobs(OptionsJobs.java:18)&#13;
tasks.OptionsJobs.OptionsJobs(OptionsJobs.java:18)&#13;
tasks.OptionsJobs.OptionsJobs(OptionsJobs.java:18)&#13;
tasks.OptionsJobs.OptionsJobs(OptionsJobs.java:18)&#13;
tasks.OptionsJobs.OptionsJobs(OptionsJobs.java:18)&#13;
tasks.OptionsJobs.OptionsJobs(OptionsJobs.java:18)&#13;
tasks.OptionsJobs.OptionsJobs(OptionsJobs.java:18)&#13;
tasks.OptionsJobs.OptionsJobs(OptionsJobs.java:18)&#13;
tasks.OptionsJobs.OptionsJobs(OptionsJobs.java:18)&#13;
tasks.OptionsJobs.OptionsJobs(OptionsJobs.java:18)&#13;
tasks.OptionsJobs.OptionsJobs(OptionsJobs.java:18)&#13;
tasks.OptionsJobs.OptionsJobs(OptionsJobs.java:18)&#13;
tasks.OptionsJobs.OptionsJobs(OptionsJobs.java:18)&#13;
tasks.OptionsJobs.OptionsJobs(OptionsJobs.java:18)&#13;
tasks.OptionsJobs.OptionsJobs(OptionsJobs.java:18)&#13;
tasks.OptionsJobs.OptionsJobs(OptionsJobs.java:18)&#13;
tasks.OptionsJobs.OptionsJobs(OptionsJobs.java:18)&#13;
tasks.OptionsJobs.OptionsJobs(OptionsJobs.java:18)&#13;
tasks.OptionsJobs.OptionsJobs(OptionsJobs.java:18)&#13;
tasks.OptionsJobs.OptionsJobs(OptionsJobs.java:18)&#13;
tasks.OptionsJobs.OptionsJobs(OptionsJobs.java:18)&#13;
tasks.OptionsJobs.OptionsJobs(OptionsJobs.java:18)&#13;
tasks.OptionsJobs.OptionsJobs(OptionsJobs.java:18)&#13;
tasks.OptionsJobs.OptionsJobs(OptionsJobs.java:18)&#13;
tasks.OptionsJobs.OptionsJobs(OptionsJobs.java:18)&#13;
tasks.OptionsJobs.OptionsJobs(OptionsJobs.java:18)&#13;
tasks.OptionsJobs.OptionsJobs(OptionsJobs.java:18)&#13;
tasks.OptionsJobs.OptionsJobs(OptionsJobs.java:18)&#13;
tasks.OptionsJobs.OptionsJobs(OptionsJobs.java:18)&#13;
tasks.OptionsJobs.OptionsJobs(OptionsJobs.java:18)&#13;
tasks.OptionsJobs.OptionsJobs(OptionsJobs.java:18)&#13;
tasks.OptionsJobs.OptionsJobs(OptionsJobs.java:18)&#13;
tasks.OptionsJobs.OptionsJobs(OptionsJobs.java:18)&#13;
tasks.OptionsJobs.OptionsJobs(OptionsJobs.java:18)&#13;
tasks.OptionsJobs.OptionsJobs(OptionsJobs.java:18)&#13;
tasks.OptionsJobs.OptionsJobs(OptionsJobs.java:18)&#13;
tasks.OptionsJobs.OptionsJobs(OptionsJobs.java:18)&#13;
tasks.OptionsJobs.OptionsJobs(OptionsJobs.java:18)&#13;
tasks.OptionsJobs.OptionsJobs(OptionsJobs.java:18)&#13;
tasks.OptionsJobs.OptionsJobs(OptionsJobs.java:18)&#13;
tasks.OptionsJobs.OptionsJobs(OptionsJobs.java:18)&#13;
tasks.OptionsJobs.OptionsJobs(OptionsJobs.java:18)&#13;
tasks.OptionsJobs.OptionsJobs(OptionsJobs.java:18)&#13;
tasks.OptionsJobs.OptionsJobs(OptionsJobs.java:18)&#13;
tasks.OptionsJobs.OptionsJobs(OptionsJobs.java:18)&#13;
tasks.OptionsJobs.OptionsJobs(OptionsJobs.java:18)&#13;
tasks.OptionsJobs.OptionsJobs(OptionsJobs.java:18)&#13;
tasks.OptionsJobs.OptionsJobs(OptionsJobs.java:18)&#13;
tasks.OptionsJobs.OptionsJobs(OptionsJobs.java:18)&#13;
tasks.OptionsJobs.OptionsJobs(OptionsJobs.java:18)&#13;
tasks.OptionsJobs.OptionsJobs(OptionsJobs.java:18)&#13;
tasks.OptionsJobs.OptionsJobs(OptionsJobs.java:18)&#13;
tasks.OptionsJobs.OptionsJobs(OptionsJobs.java:18)&#13;
tasks.OptionsJobs.OptionsJobs(OptionsJobs.java:18)&#13;
tasks.OptionsJobs.OptionsJobs(OptionsJobs.java:18)&#13;
tasks.OptionsJobs.OptionsJobs(OptionsJobs.java:18)&#13;
tasks.OptionsJobs.OptionsJobs(OptionsJobs.java:18)&#13;
tasks.OptionsJobs.OptionsJobs(OptionsJobs.java:18)&#13;
tasks.OptionsJobs.OptionsJobs(OptionsJobs.java:18)&#13;
tasks.OptionsJobs.OptionsJobs(OptionsJobs.java:18)&#13;
tasks.OptionsJobs.OptionsJobs(OptionsJobs.java:18)&#13;
tasks.OptionsJobs.OptionsJobs(OptionsJobs.java:18)&#13;
tasks.OptionsJobs.OptionsJobs(OptionsJobs.java:18)&#13;
tasks.OptionsJobs.OptionsJobs(OptionsJobs.java:18)&#13;
tasks.OptionsJobs.OptionsJobs(OptionsJobs.java:18)&#13;
tasks.OptionsJobs.OptionsJobs(OptionsJobs.java:18)&#13;
tasks.OptionsJobs.OptionsJobs(OptionsJobs.java:18)&#13;
tasks.OptionsJobs.OptionsJobs(OptionsJobs.java:18)&#13;
tasks.OptionsJobs.OptionsJobs(OptionsJobs.java:18)&#13;
tasks.OptionsJobs.OptionsJobs(OptionsJobs.java:18)&#13;
tasks.OptionsJobs.OptionsJobs(OptionsJobs.java:18)&#13;
tasks.OptionsJobs.OptionsJobs(OptionsJobs.java:18)&#13;
tasks.OptionsJobs.OptionsJobs(OptionsJobs.java:18)&#13;
tasks.OptionsJobs.OptionsJobs(OptionsJobs.java:18)&#13;
tasks.OptionsJobs.OptionsJobs(OptionsJobs.java:18)&#13;
tasks.OptionsJobs.OptionsJobs(OptionsJobs.java:18)&#13;
tasks.OptionsJobs.OptionsJobs(OptionsJobs.java:18)&#13;
tasks.OptionsJobs.OptionsJobs(OptionsJobs.java:18)&#13;
tasks.OptionsJobs.OptionsJobs(OptionsJobs.java:18)&#13;
tasks.OptionsJobs.OptionsJobs(OptionsJobs.java:18)&#13;
tasks.OptionsJobs.OptionsJobs(OptionsJobs.java:18)&#13;
tasks.OptionsJobs.OptionsJobs(OptionsJobs.java:18)&#13;
tasks.OptionsJobs.OptionsJobs(OptionsJobs.java:18)&#13;
tasks.OptionsJobs.OptionsJobs(OptionsJobs.java:18)&#13;
tasks.OptionsJobs.OptionsJobs(OptionsJobs.java:18)&#13;
tasks.OptionsJobs.OptionsJobs(OptionsJobs.java:18)&#13;
tasks.OptionsJobs.OptionsJobs(OptionsJobs.java:18)&#13;
tasks.OptionsJobs.OptionsJobs(OptionsJobs.java:18)&#13;
tasks.OptionsJobs.OptionsJobs(OptionsJobs.java:18)&#13;
tasks.OptionsJobs.OptionsJobs(OptionsJobs.java:18)&#13;
tasks.OptionsJobs.OptionsJobs(OptionsJobs.java:18)&#13;
tasks.OptionsJobs.OptionsJobs(OptionsJobs.java:18)&#13;
tasks.OptionsJobs.OptionsJobs(OptionsJobs.java:18)&#13;
tasks.OptionsJobs.OptionsJobs(OptionsJobs.java:18)&#13;
tasks.OptionsJobs.OptionsJobs(OptionsJobs.java:18)&#13;
tasks.OptionsJobs.OptionsJobs(OptionsJobs.java:18)&#13;
tasks.OptionsJobs.OptionsJobs(OptionsJobs.java:18)&#13;
tasks.OptionsJobs.OptionsJobs(OptionsJobs.java:18)&#13;
tasks.OptionsJobs.OptionsJobs(OptionsJobs.java:18)&#13;
tasks.OptionsJobs.OptionsJobs(OptionsJobs.java:18)&#13;
tasks.OptionsJobs.OptionsJobs(OptionsJobs.java:18)&#13;
tasks.OptionsJobs.OptionsJobs(OptionsJobs.java:18)&#13;
tasks.OptionsJobs.OptionsJobs(OptionsJobs.java:18)&#13;
tasks.OptionsJobs.OptionsJobs(OptionsJobs.java:18)&#13;
tasks.OptionsJobs.OptionsJobs(OptionsJobs.java:18)&#13;
tasks.OptionsJobs.OptionsJobs(OptionsJobs.java:18)&#13;
tasks.OptionsJobs.OptionsJobs(OptionsJobs.java:18)&#13;
tasks.OptionsJobs.OptionsJobs(OptionsJobs.java:18)&#13;
tasks.OptionsJobs.OptionsJobs(OptionsJobs.java:18)&#13;
tasks.OptionsJobs.OptionsJobs(OptionsJobs.java:18)&#13;
tasks.OptionsJobs.OptionsJobs(OptionsJobs.java:18)&#13;
tasks.OptionsJobs.OptionsJobs(OptionsJobs.java:18)&#13;
tasks.OptionsJobs.OptionsJobs(OptionsJobs.java:18)&#13;
tasks.OptionsJobs.OptionsJobs(OptionsJobs.java:18)&#13;
tasks.OptionsJobs.OptionsJobs(OptionsJobs.java:18)&#13;
tasks.OptionsJobs.OptionsJobs(OptionsJobs.java:18)&#13;
tasks.OptionsJobs.OptionsJobs(OptionsJobs.java:18)&#13;
tasks.OptionsJobs.OptionsJobs(OptionsJobs.java:18)&#13;
tasks.OptionsJobs.OptionsJobs(OptionsJobs.java:18)&#13;
tasks.OptionsJobs.OptionsJobs(OptionsJobs.java:18)&#13;
tasks.OptionsJobs.OptionsJobs(OptionsJobs.java:18)&#13;
tasks.OptionsJobs.OptionsJobs(OptionsJobs.java:18)&#13;
tasks.OptionsJobs.OptionsJobs(OptionsJobs.java:18)&#13;
tasks.OptionsJobs.OptionsJobs(OptionsJobs.java:18)&#13;
tasks.OptionsJobs.OptionsJobs(OptionsJobs.java:18)&#13;
tasks.OptionsJobs.OptionsJobs(OptionsJobs.java:18)&#13;
tasks.OptionsJobs.OptionsJobs(OptionsJobs.java:18)&#13;
tasks.OptionsJobs.OptionsJobs(OptionsJobs.java:18)&#13;
tasks.OptionsJobs.OptionsJobs(OptionsJobs.java:18)&#13;
tasks.OptionsJobs.OptionsJobs(OptionsJobs.java:18)&#13;
tasks.OptionsJobs.OptionsJobs(OptionsJobs.java:18)&#13;
tasks.OptionsJobs.OptionsJobs(OptionsJobs.java:18)&#13;
tasks.OptionsJobs.OptionsJobs(OptionsJobs.java:18)&#13;
tasks.OptionsJobs.OptionsJobs(OptionsJobs.java:18)&#13;
tasks.OptionsJobs.OptionsJobs(OptionsJobs.java:18)&#13;
tasks.OptionsJobs.OptionsJobs(OptionsJobs.java:18)&#13;
tasks.OptionsJobs.OptionsJobs(OptionsJobs.java:18)&#13;
tasks.OptionsJobs.OptionsJobs(OptionsJobs.java:18)&#13;
tasks.OptionsJobs.OptionsJobs(OptionsJobs.java:18)&#13;
tasks.OptionsJobs.OptionsJobs(OptionsJobs.java:18)&#13;
tasks.OptionsJobs.OptionsJobs(OptionsJobs.java:18)&#13;
tasks.OptionsJobs.OptionsJobs(OptionsJobs.java:18)&#13;
tasks.OptionsJobs.OptionsJobs(OptionsJobs.java:18)&#13;
tasks.OptionsJobs.OptionsJobs(OptionsJobs.java:18)&#13;
tasks.OptionsJobs.OptionsJobs(OptionsJobs.java:18)&#13;
tasks.OptionsJobs.OptionsJobs(OptionsJobs.java:18)&#13;
tasks.OptionsJobs.OptionsJobs(OptionsJobs.java:18)&#13;
tasks.OptionsJobs.OptionsJobs(OptionsJobs.java:18)&#13;
tasks.OptionsJobs.OptionsJobs(OptionsJobs.java:18)&#13;
tasks.OptionsJobs.OptionsJobs(OptionsJobs.java:18)&#13;
tasks.OptionsJobs.OptionsJobs(OptionsJobs.java:18)&#13;
tasks.OptionsJobs.OptionsJobs(OptionsJobs.java:18)&#13;
tasks.OptionsJobs.OptionsJobs(OptionsJobs.java:18)&#13;
tasks.OptionsJobs.OptionsJobs(OptionsJobs.java:18)&#13;
tasks.OptionsJobs.OptionsJobs(OptionsJobs.java:18)&#13;
tasks.OptionsJobs.OptionsJobs(OptionsJobs.java:18)&#13;
tasks.OptionsJobs.OptionsJobs(OptionsJobs.java:18)&#13;
tasks.OptionsJobs.OptionsJobs(OptionsJobs.java:18)&#13;
tasks.OptionsJobs.OptionsJobs(OptionsJobs.java:18)&#13;
tasks.OptionsJobs.OptionsJobs(OptionsJobs.java:18)&#13;
tasks.OptionsJobs.OptionsJobs(OptionsJobs.java:18)&#13;
tasks.OptionsJobs.OptionsJobs(OptionsJobs.java:18)&#13;
tasks.OptionsJobs.OptionsJobs(OptionsJobs.java:18)&#13;
tasks.OptionsJobs.OptionsJobs(OptionsJobs.java:18)&#13;
tasks.OptionsJobs.OptionsJobs(OptionsJobs.java:18)&#13;
tasks.OptionsJobs.OptionsJobs(OptionsJobs.java:18)&#13;
tasks.OptionsJobs.OptionsJobs(OptionsJobs.java:18)&#13;
tasks.OptionsJobs.OptionsJobs(OptionsJobs.java:18)&#13;
tasks.OptionsJobs.OptionsJobs(OptionsJobs.java:18)&#13;
tasks.OptionsJobs.OptionsJobs(OptionsJobs.java:18)&#13;
tasks.OptionsJobs.OptionsJobs(OptionsJobs.java:18)&#13;
tasks.OptionsJobs.OptionsJobs(OptionsJobs.java:18)&#13;
tasks.OptionsJobs.OptionsJobs(OptionsJobs.java:18)&#13;
tasks.OptionsJobs.OptionsJobs(OptionsJobs.java:18)&#13;
tasks.OptionsJobs.OptionsJobs(OptionsJobs.java:18)&#13;
tasks.OptionsJobs.OptionsJobs(OptionsJobs.java:18)&#13;
tasks.OptionsJobs.OptionsJobs(OptionsJobs.java:18)&#13;
tasks.OptionsJobs.OptionsJobs(OptionsJobs.java:18)&#13;
tasks.OptionsJobs.OptionsJobs(OptionsJobs.java:18)&#13;
tasks.OptionsJobs.OptionsJobs(OptionsJobs.java:18)&#13;
tasks.OptionsJobs.OptionsJobs(OptionsJobs.java:18)&#13;
tasks.OptionsJobs.OptionsJobs(OptionsJobs.java:18)&#13;
tasks.OptionsJobs.OptionsJobs(OptionsJobs.java:18)&#13;
tasks.OptionsJobs.OptionsJobs(OptionsJobs.java:18)&#13;
tasks.OptionsJobs.OptionsJobs(OptionsJobs.java:18)&#13;
tasks.OptionsJobs.OptionsJobs(OptionsJobs.java:18)&#13;
tasks.OptionsJobs.OptionsJobs(OptionsJobs.java:18)&#13;
tasks.OptionsJobs.OptionsJobs(OptionsJobs.java:18)&#13;
tasks.OptionsJobs.OptionsJobs(OptionsJobs.java:18)&#13;
tasks.OptionsJobs.OptionsJobs(OptionsJobs.java:18)&#13;
tasks.OptionsJobs.OptionsJobs(OptionsJobs.java:18)&#13;
tasks.OptionsJobs.OptionsJobs(OptionsJobs.java:18)&#13;
tasks.OptionsJobs.OptionsJobs(OptionsJobs.java:18)&#13;
tasks.OptionsJobs.OptionsJobs(OptionsJobs.java:18)&#13;
tasks.OptionsJobs.OptionsJobs(OptionsJobs.java:18)&#13;
tasks.OptionsJobs.OptionsJobs(OptionsJobs.java:18)&#13;
tasks.OptionsJobs.OptionsJobs(OptionsJobs.java:18)&#13;
tasks.OptionsJobs.OptionsJobs(OptionsJobs.java:18)&#13;
tasks.OptionsJobs.OptionsJobs(OptionsJobs.java:18)&#13;
tasks.OptionsJobs.OptionsJobs(OptionsJobs.java:18)&#13;
tasks.OptionsJobs.OptionsJobs(OptionsJobs.java:18)&#13;
tasks.OptionsJobs.OptionsJobs(OptionsJobs.java:18)&#13;
tasks.OptionsJobs.OptionsJobs(OptionsJobs.java:18)&#13;
tasks.OptionsJobs.OptionsJobs(OptionsJobs.java:18)&#13;
tasks.OptionsJobs.OptionsJobs(OptionsJobs.java:18)&#13;
tasks.OptionsJobs.OptionsJobs(OptionsJobs.java:18)&#13;
tasks.OptionsJobs.OptionsJobs(OptionsJobs.java:18)&#13;
tasks.OptionsJobs.OptionsJobs(OptionsJobs.java:18)&#13;
tasks.OptionsJobs.OptionsJobs(OptionsJobs.java:18)&#13;
tasks.OptionsJobs.OptionsJobs(OptionsJobs.java:18)&#13;
tasks.OptionsJobs.OptionsJobs(OptionsJobs.java:18)&#13;
tasks.OptionsJobs.OptionsJobs(OptionsJobs.java:18)&#13;
tasks.OptionsJobs.OptionsJobs(OptionsJobs.java:18)&#13;
tasks.OptionsJobs.OptionsJobs(OptionsJobs.java:18)&#13;
tasks.OptionsJobs.OptionsJobs(OptionsJobs.java:18)&#13;
tasks.OptionsJobs.OptionsJobs(OptionsJobs.java:18)&#13;
tasks.OptionsJobs.OptionsJobs(OptionsJobs.java:18)&#13;
tasks.OptionsJobs.OptionsJobs(OptionsJobs.java:18)&#13;
tasks.OptionsJobs.OptionsJobs(OptionsJobs.java:18)&#13;
tasks.OptionsJobs.OptionsJobs(OptionsJobs.java:18)&#13;
tasks.OptionsJobs.OptionsJobs(OptionsJobs.java:18)&#13;
tasks.OptionsJobs.OptionsJobs(OptionsJobs.java:18)&#13;
tasks.OptionsJobs.OptionsJobs(OptionsJobs.java:18)&#13;
tasks.OptionsJobs.OptionsJobs(OptionsJobs.java:18)&#13;
tasks.OptionsJobs.OptionsJobs(OptionsJobs.java:18)&#13;
tasks.OptionsJobs.OptionsJobs(OptionsJobs.java:18)&#13;
tasks.OptionsJobs.OptionsJobs(OptionsJobs.java:18)&#13;
tasks.OptionsJobs.OptionsJobs(OptionsJobs.java:18)&#13;
tasks.OptionsJobs.OptionsJobs(OptionsJobs.java:18)&#13;
tasks.OptionsJobs.OptionsJobs(OptionsJobs.java:18)&#13;
tasks.OptionsJobs.OptionsJobs(OptionsJobs.java:18)&#13;
tasks.OptionsJobs.OptionsJobs(OptionsJobs.java:18)&#13;
tasks.OptionsJobs.OptionsJobs(OptionsJobs.java:18)&#13;
tasks.OptionsJobs.OptionsJobs(OptionsJobs.java:18)&#13;
tasks.OptionsJobs.OptionsJobs(OptionsJobs.java:18)&#13;
tasks.OptionsJobs.OptionsJobs(OptionsJobs.java:18)&#13;
tasks.OptionsJobs.OptionsJobs(OptionsJobs.java:18)&#13;
tasks.OptionsJobs.OptionsJobs(OptionsJobs.java:18)&#13;
tasks.OptionsJobs.OptionsJobs(OptionsJobs.java:18)&#13;
tasks.OptionsJobs.OptionsJobs(OptionsJobs.java:18)&#13;
tasks.OptionsJobs.OptionsJobs(OptionsJobs.java:18)&#13;
tasks.OptionsJobs.OptionsJobs(OptionsJobs.java:18)&#13;
tasks.OptionsJobs.OptionsJobs(OptionsJobs.java:18)&#13;
tasks.OptionsJobs.OptionsJobs(OptionsJobs.java:18)&#13;
tasks.OptionsJobs.OptionsJobs(OptionsJobs.java:18)&#13;
tasks.OptionsJobs.OptionsJobs(OptionsJobs.java:18)&#13;
tasks.OptionsJobs.OptionsJobs(OptionsJobs.java:18)&#13;
tasks.OptionsJobs.OptionsJobs(OptionsJobs.java:18)&#13;
tasks.OptionsJobs.OptionsJobs(OptionsJobs.java:18)&#13;
tasks.OptionsJobs.OptionsJobs(OptionsJobs.java:18)&#13;
tasks.OptionsJobs.OptionsJobs(OptionsJobs.java:18)&#13;
tasks.OptionsJobs.OptionsJobs(OptionsJobs.java:18)&#13;
tasks.OptionsJobs.OptionsJobs(OptionsJobs.java:18)&#13;
tasks.OptionsJobs.OptionsJobs(OptionsJobs.java:18)&#13;
tasks.OptionsJobs.OptionsJobs(OptionsJobs.java:18)&#13;
tasks.OptionsJobs.OptionsJobs(OptionsJobs.java:18)&#13;
tasks.OptionsJobs.OptionsJobs(OptionsJobs.java:18)&#13;
tasks.OptionsJobs.OptionsJobs(OptionsJobs.java:18)&#13;
tasks.OptionsJobs.OptionsJobs(OptionsJobs.java:18)&#13;
tasks.OptionsJobs.OptionsJobs(OptionsJobs.java:18)&#13;
tasks.OptionsJobs.OptionsJobs(OptionsJobs.java:18)&#13;
tasks.OptionsJobs.OptionsJobs(OptionsJobs.java:18)&#13;
tasks.OptionsJobs.OptionsJobs(OptionsJobs.java:18)&#13;
tasks.OptionsJobs.OptionsJobs(OptionsJobs.java:18)&#13;
tasks.OptionsJobs.OptionsJobs(OptionsJobs.java:18)&#13;
tasks.OptionsJobs.OptionsJobs(OptionsJobs.java:18)&#13;
tasks.OptionsJobs.OptionsJobs(OptionsJobs.java:18)&#13;
tasks.OptionsJobs.OptionsJobs(OptionsJobs.java:18)&#13;
tasks.OptionsJobs.OptionsJobs(OptionsJobs.java:18)&#13;
tasks.OptionsJobs.OptionsJobs(OptionsJobs.java:18)&#13;
tasks.OptionsJobs.OptionsJobs(OptionsJobs.java:18)&#13;
tasks.OptionsJobs.OptionsJobs(OptionsJobs.java:18)&#13;
tasks.OptionsJobs.OptionsJobs(OptionsJobs.java:18)&#13;
tasks.OptionsJobs.OptionsJobs(OptionsJobs.java:18)&#13;
tasks.OptionsJobs.OptionsJobs(OptionsJobs.java:18)&#13;
tasks.OptionsJobs.OptionsJobs(OptionsJobs.java:18)&#13;
tasks.OptionsJobs.OptionsJobs(OptionsJobs.java:18)&#13;
tasks.OptionsJobs.OptionsJobs(OptionsJobs.java:18)&#13;
tasks.OptionsJobs.OptionsJobs(OptionsJobs.java:18)&#13;
tasks.OptionsJobs.OptionsJobs(OptionsJobs.java:18)&#13;
tasks.OptionsJobs.OptionsJobs(OptionsJobs.java:18)&#13;
tasks.OptionsJobs.OptionsJobs(OptionsJobs.java:18)&#13;
tasks.OptionsJobs.OptionsJobs(OptionsJobs.java:18)&#13;
tasks.OptionsJobs.OptionsJobs(OptionsJobs.java:18)&#13;
tasks.OptionsJobs.OptionsJobs(OptionsJobs.java:18)&#13;
tasks.OptionsJobs.OptionsJobs(OptionsJobs.java:18)&#13;
tasks.OptionsJobs.OptionsJobs(OptionsJobs.java:18)&#13;
tasks.OptionsJobs.OptionsJobs(OptionsJobs.java:18)&#13;
tasks.OptionsJobs.OptionsJobs(OptionsJobs.java:18)&#13;
tasks.OptionsJobs.OptionsJobs(OptionsJobs.java:18)&#13;
tasks.OptionsJobs.OptionsJobs(OptionsJobs.java:18)&#13;
tasks.OptionsJobs.OptionsJobs(OptionsJobs.java:18)&#13;
tasks.OptionsJobs.OptionsJobs(OptionsJobs.java:18)&#13;
tasks.OptionsJobs.OptionsJobs(OptionsJobs.java:18)&#13;
tasks.OptionsJobs.OptionsJobs(OptionsJobs.java:18)&#13;
tasks.OptionsJobs.OptionsJobs(OptionsJobs.java:18)&#13;
tasks.OptionsJobs.OptionsJobs(OptionsJobs.java:18)&#13;
tasks.OptionsJobs.OptionsJobs(OptionsJobs.java:18)&#13;
tasks.OptionsJobs.OptionsJobs(OptionsJobs.java:18)&#13;
tasks.OptionsJobs.OptionsJobs(OptionsJobs.java:18)&#13;
tasks.OptionsJobs.OptionsJobs(OptionsJobs.java:18)&#13;
tasks.OptionsJobs.OptionsJobs(OptionsJobs.java:18)&#13;
tasks.OptionsJobs.OptionsJobs(OptionsJobs.java:18)&#13;
tasks.OptionsJobs.OptionsJobs(OptionsJobs.java:18)&#13;
tasks.OptionsJobs.OptionsJobs(OptionsJobs.java:18)&#13;
tasks.OptionsJobs.OptionsJobs(OptionsJobs.java:18)&#13;
tasks.OptionsJobs.OptionsJobs(OptionsJobs.java:18)&#13;
tasks.OptionsJobs.OptionsJobs(OptionsJobs.java:18)&#13;
tasks.OptionsJobs.OptionsJobs(OptionsJobs.java:18)&#13;
tasks.OptionsJobs.OptionsJobs(OptionsJobs.java:18)&#13;
tasks.OptionsJobs.OptionsJobs(OptionsJobs.java:18)&#13;
tasks.OptionsJobs.OptionsJobs(OptionsJobs.java:18)&#13;
tasks.OptionsJobs.OptionsJobs(OptionsJobs.java:18)&#13;
tasks.OptionsJobs.OptionsJobs(OptionsJobs.java:18)&#13;
tasks.OptionsJobs.OptionsJobs(OptionsJobs.java:18)&#13;
tasks.OptionsJobs.OptionsJobs(OptionsJobs.java:18)&#13;
tasks.OptionsJobs.OptionsJobs(OptionsJobs.java:18)&#13;
tasks.OptionsJobs.OptionsJobs(OptionsJobs.java:18)&#13;
tasks.OptionsJobs.OptionsJobs(OptionsJobs.java:18)&#13;
tasks.OptionsJobs.OptionsJobs(OptionsJobs.java:18)&#13;
tasks.OptionsJobs.OptionsJobs(OptionsJobs.java:18)&#13;
tasks.OptionsJobs.OptionsJobs(OptionsJobs.java:18)&#13;
tasks.OptionsJobs.OptionsJobs(OptionsJobs.java:18)&#13;
tasks.OptionsJobs.OptionsJobs(OptionsJobs.java:18)&#13;
tasks.OptionsJobs.OptionsJobs(OptionsJobs.java:18)&#13;
tasks.OptionsJobs.OptionsJobs(OptionsJobs.java:18)&#13;
tasks.OptionsJobs.OptionsJobs(OptionsJobs.java:18)&#13;
tasks.OptionsJobs.OptionsJobs(OptionsJobs.java:18)&#13;
tasks.OptionsJobs.OptionsJobs(OptionsJobs.java:18)&#13;
tasks.OptionsJobs.OptionsJobs(OptionsJobs.java:18)&#13;
tasks.OptionsJobs.OptionsJobs(OptionsJobs.java:18)&#13;
tasks.OptionsJobs.OptionsJobs(OptionsJobs.java:18)&#13;
tasks.OptionsJobs.OptionsJobs(OptionsJobs.java:18)&#13;
tasks.OptionsJobs.OptionsJobs(OptionsJobs.java:18)&#13;
tasks.OptionsJobs.OptionsJobs(OptionsJobs.java:18)&#13;
tasks.OptionsJobs.OptionsJobs(OptionsJobs.java:18)&#13;
tasks.OptionsJobs.OptionsJobs(OptionsJobs.java:18)&#13;
tasks.OptionsJobs.OptionsJobs(OptionsJobs.java:18)&#13;
tasks.OptionsJobs.OptionsJobs(OptionsJobs.java:18)&#13;
tasks.OptionsJobs.OptionsJobs(OptionsJobs.java:18)&#13;
tasks.OptionsJobs.OptionsJobs(OptionsJobs.java:18)&#13;
tasks.OptionsJobs.OptionsJobs(OptionsJobs.java:18)&#13;
tasks.OptionsJobs.OptionsJobs(OptionsJobs.java:18)&#13;
tasks.OptionsJobs.OptionsJobs(OptionsJobs.java:18)&#13;
tasks.OptionsJobs.OptionsJobs(OptionsJobs.java:18)&#13;
tasks.OptionsJobs.OptionsJobs(OptionsJobs.java:18)&#13;
tasks.OptionsJobs.OptionsJobs(OptionsJobs.java:18)&#13;
tasks.OptionsJobs.OptionsJobs(OptionsJobs.java:18)&#13;
tasks.OptionsJobs.OptionsJobs(OptionsJobs.java:18)&#13;
tasks.OptionsJobs.OptionsJobs(OptionsJobs.java:18)&#13;
tasks.OptionsJobs.OptionsJobs(OptionsJobs.java:18)&#13;
tasks.OptionsJobs.OptionsJobs(OptionsJobs.java:18)&#13;
tasks.OptionsJobs.OptionsJobs(OptionsJobs.java:18)&#13;
tasks.OptionsJobs.OptionsJobs(OptionsJobs.java:18)&#13;
tasks.OptionsJobs.OptionsJobs(OptionsJobs.java:18)&#13;
tasks.OptionsJobs.OptionsJobs(OptionsJobs.java:18)&#13;
tasks.OptionsJobs.OptionsJobs(OptionsJobs.java:18)&#13;
tasks.OptionsJobs.OptionsJobs(OptionsJobs.java:18)&#13;
tasks.OptionsJobs.OptionsJobs(OptionsJobs.java:18)&#13;
tasks.OptionsJobs.OptionsJobs(OptionsJobs.java:18)&#13;
tasks.OptionsJobs.OptionsJobs(OptionsJobs.java:18)&#13;
tasks.OptionsJobs.OptionsJobs(OptionsJobs.java:18)&#13;
tasks.OptionsJobs.OptionsJobs(OptionsJobs.java:18)&#13;
tasks.OptionsJobs.OptionsJobs(OptionsJobs.java:18)&#13;
tasks.OptionsJobs.OptionsJobs(OptionsJobs.java:18)&#13;
tasks.OptionsJobs.OptionsJobs(OptionsJobs.java:18)&#13;
tasks.OptionsJobs.OptionsJobs(OptionsJobs.java:18)&#13;
tasks.OptionsJobs.OptionsJobs(OptionsJobs.java:18)&#13;
tasks.OptionsJobs.OptionsJobs(OptionsJobs.java:18)&#13;
tasks.OptionsJobs.OptionsJobs(OptionsJobs.java:18)&#13;
tasks.OptionsJobs.OptionsJobs(OptionsJobs.java:18)&#13;
tasks.OptionsJobs.OptionsJobs(OptionsJobs.java:18)&#13;
tasks.OptionsJobs.OptionsJobs(OptionsJobs.java:18)&#13;
tasks.OptionsJobs.OptionsJobs(OptionsJobs.java:18)&#13;
tasks.OptionsJobs.OptionsJobs(OptionsJobs.java:18)&#13;
tasks.OptionsJobs.OptionsJobs(OptionsJobs.java:18)&#13;
tasks.OptionsJobs.OptionsJobs(OptionsJobs.java:18)&#13;
tasks.OptionsJobs.OptionsJobs(OptionsJobs.java:18)&#13;
tasks.OptionsJobs.OptionsJobs(OptionsJobs.java:18)&#13;
tasks.OptionsJobs.OptionsJobs(OptionsJobs.java:18)&#13;
tasks.OptionsJobs.OptionsJobs(OptionsJobs.java:18)&#13;
tasks.OptionsJobs.OptionsJobs(OptionsJobs.java:18)&#13;
tasks.OptionsJobs.OptionsJobs(OptionsJobs.java:18)&#13;
tasks.OptionsJobs.OptionsJobs(OptionsJobs.java:18)&#13;
tasks.OptionsJobs.OptionsJobs(OptionsJobs.java:18)&#13;
tasks.OptionsJobs.OptionsJobs(OptionsJobs.java:18)&#13;
tasks.OptionsJobs.OptionsJobs(OptionsJobs.java:18)&#13;
tasks.OptionsJobs.OptionsJobs(OptionsJobs.java:18)&#13;
tasks.OptionsJobs.OptionsJobs(OptionsJobs.java:18)&#13;
tasks.OptionsJobs.OptionsJobs(OptionsJobs.java:18)&#13;
tasks.OptionsJobs.OptionsJobs(OptionsJobs.java:18)&#13;
tasks.OptionsJobs.OptionsJobs(OptionsJobs.java:18)&#13;
tasks.OptionsJobs.OptionsJobs(OptionsJobs.java:18)&#13;
tasks.OptionsJobs.OptionsJobs(OptionsJobs.java:18)&#13;
tasks.OptionsJobs.OptionsJobs(OptionsJobs.java:18)&#13;
tasks.OptionsJobs.OptionsJobs(OptionsJobs.java:18)&#13;
tasks.OptionsJobs.OptionsJobs(OptionsJobs.java:18)&#13;
tasks.OptionsJobs.OptionsJobs(OptionsJobs.java:18)&#13;
tasks.OptionsJobs.OptionsJobs(OptionsJobs.java:18)&#13;
tasks.OptionsJobs.OptionsJobs(OptionsJobs.java:18)&#13;
tasks.OptionsJobs.OptionsJobs(OptionsJobs.java:18)&#13;
tasks.OptionsJobs.OptionsJobs(OptionsJobs.java:18)&#13;
tasks.OptionsJobs.OptionsJobs(OptionsJobs.java:18)&#13;
tasks.OptionsJobs.OptionsJobs(OptionsJobs.java:18)&#13;
tasks.OptionsJobs.OptionsJobs(OptionsJobs.java:18)&#13;
tasks.OptionsJobs.OptionsJobs(OptionsJobs.java:18)&#13;
tasks.OptionsJobs.OptionsJobs(OptionsJobs.java:18)&#13;
tasks.OptionsJobs.OptionsJobs(OptionsJobs.java:18)&#13;
tasks.OptionsJobs.OptionsJobs(OptionsJobs.java:18)&#13;
tasks.OptionsJobs.OptionsJobs(OptionsJobs.java:18)&#13;
tasks.OptionsJobs.OptionsJobs(OptionsJobs.java:18)&#13;
tasks.OptionsJobs.OptionsJobs(OptionsJobs.java:18)&#13;
tasks.OptionsJobs.OptionsJobs(OptionsJobs.java:18)&#13;
tasks.OptionsJobs.OptionsJobs(OptionsJobs.java:18)&#13;
tasks.OptionsJobs.OptionsJobs(OptionsJobs.java:18)&#13;
tasks.OptionsJobs.OptionsJobs(OptionsJobs.java:18)&#13;
tasks.OptionsJobs.OptionsJobs(OptionsJobs.java:18)&#13;
tasks.OptionsJobs.OptionsJobs(OptionsJobs.java:18)&#13;
tasks.OptionsJobs.OptionsJobs(OptionsJobs.java:18)&#13;
tasks.OptionsJobs.OptionsJobs(OptionsJobs.java:18)&#13;
tasks.OptionsJobs.OptionsJobs(OptionsJobs.java:18)&#13;
tasks.OptionsJobs.OptionsJobs(OptionsJobs.java:18)&#13;
tasks.OptionsJobs.OptionsJobs(OptionsJobs.java:18)&#13;
tasks.OptionsJobs.OptionsJobs(OptionsJobs.java:18)&#13;
tasks.OptionsJobs.OptionsJobs(OptionsJobs.java:18)&#13;
tasks.OptionsJobs.OptionsJobs(OptionsJobs.java:18)&#13;
tasks.OptionsJobs.OptionsJobs(OptionsJobs.java:18)&#13;
tasks.OptionsJobs.OptionsJobs(OptionsJobs.java:18)&#13;
tasks.OptionsJobs.OptionsJobs(OptionsJobs.java:18)&#13;
tasks.OptionsJobs.OptionsJobs(OptionsJobs.java:18)&#13;
tasks.OptionsJobs.OptionsJobs(OptionsJobs.java:18)&#13;
tasks.OptionsJobs.OptionsJobs(OptionsJobs.java:18)&#13;
tasks.OptionsJobs.OptionsJobs(OptionsJobs.java:18)&#13;
tasks.OptionsJobs.OptionsJobs(OptionsJobs.java:18)&#13;
tasks.OptionsJobs.OptionsJobs(OptionsJobs.java:18)&#13;
tasks.OptionsJobs.OptionsJobs(OptionsJobs.java:18)&#13;
tasks.OptionsJobs.OptionsJobs(OptionsJobs.java:18)&#13;
tasks.OptionsJobs.OptionsJobs(OptionsJobs.java:18)&#13;
tasks.OptionsJobs.OptionsJobs(OptionsJobs.java:18)&#13;
tasks.OptionsJobs.OptionsJobs(OptionsJobs.java:18)&#13;
tasks.OptionsJobs.OptionsJobs(OptionsJobs.java:18)&#13;
tasks.OptionsJobs.OptionsJobs(OptionsJobs.java:18)&#13;
tasks.OptionsJobs.OptionsJobs(OptionsJobs.java:18)&#13;
tasks.OptionsJobs.OptionsJobs(OptionsJobs.java:18)&#13;
tasks.OptionsJobs.OptionsJobs(OptionsJobs.java:18)&#13;
tasks.OptionsJobs.OptionsJobs(OptionsJobs.java:18)&#13;
tasks.OptionsJobs.OptionsJobs(OptionsJobs.java:18)&#13;
tasks.OptionsJobs.OptionsJobs(OptionsJobs.java:18)&#13;
tasks.OptionsJobs.OptionsJobs(OptionsJobs.java:18)&#13;
tasks.OptionsJobs.OptionsJobs(OptionsJobs.java:18)&#13;
tasks.OptionsJobs.OptionsJobs(OptionsJobs.java:18)&#13;
tasks.OptionsJobs.OptionsJobs(OptionsJobs.java:18)&#13;
tasks.OptionsJobs.OptionsJobs(OptionsJobs.java:18)&#13;
tasks.OptionsJobs.OptionsJobs(OptionsJobs.java:18)&#13;
tasks.OptionsJobs.OptionsJobs(OptionsJobs.java:18)&#13;
tasks.OptionsJobs.OptionsJobs(OptionsJobs.java:18)&#13;
tasks.OptionsJobs.OptionsJobs(OptionsJobs.java:18)&#13;
tasks.OptionsJobs.OptionsJobs(OptionsJobs.java:18)&#13;
tasks.OptionsJobs.OptionsJobs(OptionsJobs.java:18)&#13;
tasks.OptionsJobs.OptionsJobs(OptionsJobs.java:18)&#13;
tasks.OptionsJobs.OptionsJobs(OptionsJobs.java:18)&#13;
tasks.OptionsJobs.OptionsJobs(OptionsJobs.java:18)&#13;
tasks.OptionsJobs.OptionsJobs(OptionsJobs.java:18)&#13;
tasks.OptionsJobs.OptionsJobs(OptionsJobs.java:18)&#13;
tasks.OptionsJobs.OptionsJobs(OptionsJobs.java:18)&#13;
tasks.OptionsJobs.OptionsJobs(OptionsJobs.java:18)&#13;
tasks.OptionsJobs.OptionsJobs(OptionsJobs.java:18)&#13;
tasks.OptionsJobs.OptionsJobs(OptionsJobs.java:18)&#13;
tasks.OptionsJobs.OptionsJobs(OptionsJobs.java:18)&#13;
tasks.OptionsJobs.OptionsJobs(OptionsJobs.java:18)&#13;
tasks.OptionsJobs.OptionsJobs(OptionsJobs.java:18)&#13;
tasks.OptionsJobs.OptionsJobs(OptionsJobs.java:18)&#13;
tasks.OptionsJobs.OptionsJobs(OptionsJobs.java:18)&#13;
tasks.OptionsJobs.OptionsJobs(OptionsJobs.java:18)&#13;
tasks.OptionsJobs.OptionsJobs(OptionsJobs.java:18)&#13;
tasks.OptionsJobs.OptionsJobs(OptionsJobs.java:18)&#13;
tasks.OptionsJobs.OptionsJobs(OptionsJobs.java:18)&#13;
tasks.OptionsJobs.OptionsJobs(OptionsJobs.java:18)&#13;
tasks.OptionsJobs.OptionsJobs(OptionsJobs.java:18)&#13;
tasks.OptionsJobs.OptionsJobs(OptionsJobs.java:18)&#13;
tasks.OptionsJobs.OptionsJobs(OptionsJobs.java:18)&#13;
tasks.OptionsJobs.OptionsJobs(OptionsJobs.java:18)&#13;
tasks.OptionsJobs.OptionsJobs(OptionsJobs.java:18)&#13;
tasks.OptionsJobs.OptionsJobs(OptionsJobs.java:18)&#13;
tasks.OptionsJobs.OptionsJobs(OptionsJobs.java:18)&#13;
tasks.OptionsJobs.OptionsJobs(OptionsJobs.java:18)&#13;
tasks.OptionsJobs.OptionsJobs(OptionsJobs.java:18)&#13;
tasks.OptionsJobs.OptionsJobs(OptionsJobs.java:18)&#13;
tasks.OptionsJobs.OptionsJobs(OptionsJobs.java:18)&#13;
tasks.OptionsJobs.OptionsJobs(OptionsJobs.java:18)&#13;
tasks.OptionsJobs.OptionsJobs(OptionsJobs.java:18)&#13;
tasks.OptionsJobs.OptionsJobs(OptionsJobs.java:18)&#13;
tasks.OptionsJobs.OptionsJobs(OptionsJobs.java:18)&#13;
tasks.OptionsJobs.OptionsJobs(OptionsJobs.java:18)&#13;
tasks.OptionsJobs.OptionsJobs(OptionsJobs.java:18)&#13;
tasks.OptionsJobs.OptionsJobs(OptionsJobs.java:18)&#13;
tasks.OptionsJobs.OptionsJobs(OptionsJobs.java:18)&#13;
tasks.OptionsJobs.OptionsJobs(OptionsJobs.java:18)&#13;
tasks.OptionsJobs.OptionsJobs(OptionsJobs.java:18)&#13;
tasks.OptionsJobs.OptionsJobs(OptionsJobs.java:18)&#13;
tasks.OptionsJobs.OptionsJobs(OptionsJobs.java:18)&#13;
tasks.OptionsJobs.OptionsJobs(OptionsJobs.java:18)&#13;
tasks.OptionsJobs.OptionsJobs(OptionsJobs.java:18)&#13;
tasks.OptionsJobs.OptionsJobs(OptionsJobs.java:18)&#13;
tasks.OptionsJobs.OptionsJobs(OptionsJobs.java:18)&#13;
tasks.OptionsJobs.OptionsJobs(OptionsJobs.java:18)&#13;
tasks.OptionsJobs.OptionsJobs(OptionsJobs.java:18)&#13;
tasks.OptionsJobs.OptionsJobs(OptionsJobs.java:18)&#13;
tasks.OptionsJobs.OptionsJobs(OptionsJobs.java:18)&#13;
tasks.OptionsJobs.OptionsJobs(OptionsJobs.java:18)&#13;
tasks.OptionsJobs.OptionsJobs(OptionsJobs.java:18)&#13;
tasks.OptionsJobs.OptionsJobs(OptionsJobs.java:18)&#13;
tasks.OptionsJobs.OptionsJobs(OptionsJobs.java:18)&#13;
tasks.OptionsJobs.OptionsJobs(OptionsJobs.java:18)&#13;
tasks.OptionsJobs.OptionsJobs(OptionsJobs.java:18)&#13;
tasks.OptionsJobs.OptionsJobs(OptionsJobs.java:18)&#13;
tasks.OptionsJobs.OptionsJobs(OptionsJobs.java:18)&#13;
tasks.OptionsJobs.OptionsJobs(OptionsJobs.java:18)&#13;
tasks.OptionsJobs.OptionsJobs(OptionsJobs.java:18)&#13;
tasks.OptionsJobs.OptionsJobs(OptionsJobs.java:18)&#13;
tasks.OptionsJobs.OptionsJobs(OptionsJobs.java:18)&#13;
tasks.OptionsJobs.OptionsJobs(OptionsJobs.java:18)&#13;
tasks.OptionsJobs.OptionsJobs(OptionsJobs.java:18)&#13;
tasks.OptionsJobs.OptionsJobs(OptionsJobs.java:18)&#13;
tasks.OptionsJobs.OptionsJobs(OptionsJobs.java:18)&#13;
tasks.OptionsJobs.OptionsJobs(OptionsJobs.java:18)&#13;
tasks.OptionsJobs.OptionsJobs(OptionsJobs.java:18)&#13;
tasks.OptionsJobs.OptionsJobs(OptionsJobs.java:18)&#13;
tasks.OptionsJobs.OptionsJobs(OptionsJobs.java:18)&#13;
tasks.OptionsJobs.OptionsJobs(OptionsJobs.java:18)&#13;
tasks.OptionsJobs.OptionsJobs(OptionsJobs.java:18)&#13;
tasks.OptionsJobs.OptionsJobs(OptionsJobs.java:18)&#13;
tasks.OptionsJobs.OptionsJobs(OptionsJobs.java:18)&#13;
tasks.OptionsJobs.OptionsJobs(OptionsJobs.java:18)&#13;
tasks.OptionsJobs.OptionsJobs(OptionsJobs.java:18)&#13;
tasks.OptionsJobs.OptionsJobs(OptionsJobs.java:18)&#13;
tasks.OptionsJobs.OptionsJobs(OptionsJobs.java:18)&#13;
tasks.OptionsJobs.OptionsJobs(OptionsJobs.java:18)&#13;
tasks.OptionsJobs.OptionsJobs(OptionsJobs.java:18)&#13;
tasks.OptionsJobs.OptionsJobs(OptionsJobs.java:18)&#13;
tasks.OptionsJobs.OptionsJobs(OptionsJobs.java:18)&#13;
tasks.OptionsJobs.OptionsJobs(OptionsJobs.java:18)&#13;
tasks.OptionsJobs.OptionsJobs(OptionsJobs.java:18)&#13;
tasks.OptionsJobs.OptionsJobs(OptionsJobs.java:18)&#13;
tasks.OptionsJobs.OptionsJobs(OptionsJobs.java:18)&#13;
tasks.OptionsJobs.OptionsJobs(OptionsJobs.java:18)&#13;
tasks.OptionsJobs.OptionsJobs(OptionsJobs.java:18)&#13;
tasks.OptionsJobs.OptionsJobs(OptionsJobs.java:18)&#13;
tasks.OptionsJobs.OptionsJobs(OptionsJobs.java:18)&#13;
tasks.OptionsJobs.OptionsJobs(OptionsJobs.java:18)&#13;
tasks.OptionsJobs.OptionsJobs(OptionsJobs.java:18)&#13;
tasks.OptionsJobs.OptionsJobs(OptionsJobs.java:18)&#13;
tasks.OptionsJobs.OptionsJobs(OptionsJobs.java:18)&#13;
tasks.OptionsJobs.OptionsJobs(OptionsJobs.java:18)&#13;
tasks.OptionsJobs.OptionsJobs(OptionsJobs.java:18)&#13;
tasks.OptionsJobs.OptionsJobs(OptionsJobs.java:18)&#13;
tasks.OptionsJobs.OptionsJobs(OptionsJobs.java:18)&#13;
tasks.OptionsJobs.OptionsJobs(OptionsJobs.java:18)&#13;
tasks.OptionsJobs.OptionsJobs(OptionsJobs.java:18)&#13;
tasks.OptionsJobs.OptionsJobs(OptionsJobs.java:18)&#13;
tasks.OptionsJobs.OptionsJobs(OptionsJobs.java:18)&#13;
tasks.OptionsJobs.OptionsJobs(OptionsJobs.java:18)&#13;
tasks.OptionsJobs.OptionsJobs(OptionsJobs.java:18)&#13;
tasks.OptionsJobs.OptionsJobs(OptionsJobs.java:18)&#13;
tasks.OptionsJobs.OptionsJobs(OptionsJobs.java:18)&#13;
tasks.OptionsJobs.OptionsJobs(OptionsJobs.java:18)&#13;
tasks.OptionsJobs.OptionsJobs(OptionsJobs.java:18)&#13;
tasks.OptionsJobs.OptionsJobs(OptionsJobs.java:18)&#13;
tasks.OptionsJobs.OptionsJobs(OptionsJobs.java:18)&#13;
tasks.OptionsJobs.OptionsJobs(OptionsJobs.java:18)&#13;
tasks.OptionsJobs.OptionsJobs(OptionsJobs.java:18)&#13;
tasks.OptionsJobs.OptionsJobs(OptionsJobs.java:18)&#13;
tasks.OptionsJobs.OptionsJobs(OptionsJobs.java:18)&#13;
tasks.OptionsJobs.OptionsJobs(OptionsJobs.java:18)&#13;
tasks.OptionsJobs.OptionsJobs(OptionsJobs.java:18)&#13;
tasks.OptionsJobs.OptionsJobs(OptionsJobs.java:18)&#13;
tasks.OptionsJobs.OptionsJobs(OptionsJobs.java:18)&#13;
tasks.OptionsJobs.OptionsJobs(OptionsJobs.java:18)&#13;
tasks.OptionsJobs.OptionsJobs(OptionsJobs.java:18)&#13;
tasks.OptionsJobs.OptionsJobs(OptionsJobs.java:18)&#13;
tasks.OptionsJobs.OptionsJobs(OptionsJobs.java:18)&#13;
tasks.OptionsJobs.OptionsJobs(OptionsJobs.java:18)&#13;
tasks.OptionsJobs.OptionsJobs(OptionsJobs.java:18)&#13;
tasks.OptionsJobs.OptionsJobs(OptionsJobs.java:18)&#13;
tasks.OptionsJobs.OptionsJobs(OptionsJobs.java:18)&#13;
tasks.OptionsJobs.OptionsJobs(OptionsJobs.java:18)&#13;
tasks.OptionsJobs.OptionsJobs(OptionsJobs.java:18)&#13;
tasks.OptionsJobs.OptionsJobs(OptionsJobs.java:18)&#13;
tasks.OptionsJobs.OptionsJobs(OptionsJobs.java:18)&#13;
tasks.OptionsJobs.OptionsJobs(OptionsJobs.java:18)&#13;
tasks.OptionsJobs.OptionsJobs(OptionsJobs.java:18)&#13;
tasks.OptionsJobs.OptionsJobs(OptionsJobs.java:18)&#13;
tasks.OptionsJobs.OptionsJobs(OptionsJobs.java:18)&#13;
tasks.OptionsJobs.OptionsJobs(OptionsJobs.java:18)&#13;
tasks.OptionsJobs.OptionsJobs(OptionsJobs.java:18)&#13;
tasks.OptionsJobs.OptionsJobs(OptionsJobs.java:18)&#13;
tasks.OptionsJobs.OptionsJobs(OptionsJobs.java:18)&#13;
tasks.OptionsJobs.OptionsJobs(OptionsJobs.java:18)&#13;
tasks.OptionsJobs.OptionsJobs(OptionsJobs.java:18)&#13;
tasks.OptionsJobs.OptionsJobs(OptionsJobs.java:18)&#13;
tasks.OptionsJobs.OptionsJobs(OptionsJobs.java:18)&#13;
tasks.OptionsJobs.OptionsJobs(OptionsJobs.java:18)&#13;
tasks.OptionsJobs.OptionsJobs(OptionsJobs.java:18)&#13;
tasks.OptionsJobs.OptionsJobs(OptionsJobs.java:18)&#13;
tasks.OptionsJobs.OptionsJobs(OptionsJobs.java:18)&#13;
tasks.OptionsJobs.OptionsJobs(OptionsJobs.java:18)&#13;
tasks.OptionsJobs.OptionsJobs(OptionsJobs.java:18)&#13;
tasks.OptionsJobs.OptionsJobs(OptionsJobs.java:18)&#13;
tasks.OptionsJobs.OptionsJobs(OptionsJobs.java:18)&#13;
tasks.OptionsJobs.OptionsJobs(OptionsJobs.java:18)&#13;
tasks.OptionsJobs.OptionsJobs(OptionsJobs.java:18)&#13;
tasks.OptionsJobs.OptionsJobs(OptionsJobs.java:18)&#13;
tasks.OptionsJobs.OptionsJobs(OptionsJobs.java:18)&#13;
tasks.OptionsJobs.OptionsJobs(OptionsJobs.java:18)&#13;
tasks.OptionsJobs.OptionsJobs(OptionsJobs.java:18)&#13;
tasks.OptionsJobs.OptionsJobs(OptionsJobs.java:18)&#13;
tasks.OptionsJobs.OptionsJobs(OptionsJobs.java:18)&#13;
tasks.OptionsJobs.OptionsJobs(OptionsJobs.java:18)&#13;
tasks.OptionsJobs.OptionsJobs(OptionsJobs.java:18)&#13;
tasks.OptionsJobs.OptionsJobs(OptionsJobs.java:18)&#13;
tasks.OptionsJobs.OptionsJobs(OptionsJobs.java:18)&#13;
tasks.OptionsJobs.OptionsJobs(OptionsJobs.java:18)&#13;
tasks.OptionsJobs.OptionsJobs(OptionsJobs.java:18)&#13;
tasks.OptionsJobs.OptionsJobs(OptionsJobs.java:18)&#13;
tasks.OptionsJobs.OptionsJobs(OptionsJobs.java:18)&#13;
tasks.OptionsJobs.OptionsJobs(OptionsJobs.java:18)&#13;
tasks.OptionsJobs.OptionsJobs(OptionsJobs.java:18)&#13;
tasks.OptionsJobs.OptionsJobs(OptionsJobs.java:18)&#13;
tasks.OptionsJobs.OptionsJobs(OptionsJobs.java:18)&#13;
tasks.OptionsJobs.OptionsJobs(OptionsJobs.java:18)&#13;
tasks.OptionsJobs.OptionsJobs(OptionsJobs.java:18)&#13;
tasks.OptionsJobs.OptionsJobs(OptionsJobs.java:18)&#13;
tasks.OptionsJobs.OptionsJobs(OptionsJobs.java:18)&#13;
tasks.OptionsJobs.OptionsJobs(OptionsJobs.java:18)&#13;
tasks.OptionsJobs.OptionsJobs(OptionsJobs.java:18)&#13;
tasks.OptionsJobs.OptionsJobs(OptionsJobs.java:18)&#13;
tasks.OptionsJobs.OptionsJobs(OptionsJobs.java:18)&#13;
tasks.OptionsJobs.OptionsJobs(OptionsJobs.java:18)&#13;
tasks.OptionsJobs.OptionsJobs(OptionsJobs.java:18)&#13;
tasks.OptionsJobs.OptionsJobs(OptionsJobs.java:18)&#13;
tasks.OptionsJobs.OptionsJobs(OptionsJobs.java:18)&#13;
tasks.OptionsJobs.OptionsJobs(OptionsJobs.java:18)&#13;
tasks.OptionsJobs.OptionsJobs(OptionsJobs.java:18)&#13;
tasks.OptionsJobs.OptionsJobs(OptionsJobs.java:18)&#13;
tasks.OptionsJobs.OptionsJobs(OptionsJobs.java:18)&#13;
tasks.OptionsJobs.OptionsJobs(OptionsJobs.java:18)&#13;
tasks.OptionsJobs.OptionsJobs(OptionsJobs.java:18)&#13;
tasks.OptionsJobs.OptionsJobs(OptionsJobs.java:18)&#13;
tasks.OptionsJobs.OptionsJobs(OptionsJobs.java:18)&#13;
tasks.OptionsJobs.OptionsJobs(OptionsJobs.java:18)&#13;
tasks.OptionsJobs.OptionsJobs(OptionsJobs.java:18)&#13;
tasks.OptionsJobs.OptionsJobs(OptionsJobs.java:18)&#13;
tasks.OptionsJobs.OptionsJobs(OptionsJobs.java:18)&#13;
tasks.OptionsJobs.OptionsJobs(OptionsJobs.java:18)&#13;
tasks.OptionsJobs.OptionsJobs(OptionsJobs.java:18)&#13;
tasks.OptionsJobs.OptionsJobs(OptionsJobs.java:18)&#13;
tasks.OptionsJobs.OptionsJobs(OptionsJobs.java:18)&#13;
tasks.OptionsJobs.OptionsJobs(OptionsJobs.java:18)&#13;
tasks.OptionsJobs.OptionsJobs(OptionsJobs.java:18)&#13;
tasks.OptionsJobs.OptionsJobs(OptionsJobs.java:18)&#13;
tasks.OptionsJobs.OptionsJobs(OptionsJobs.java:18)&#13;
tasks.OptionsJobs.OptionsJobs(OptionsJobs.java:18)&#13;
tasks.OptionsJobs.OptionsJobs(OptionsJobs.java:18)&#13;
tasks.OptionsJobs.OptionsJobs(OptionsJobs.java:18)&#13;
tasks.OptionsJobs.OptionsJobs(OptionsJobs.java:18)&#13;
tasks.OptionsJobs.OptionsJobs(OptionsJobs.java:18)&#13;
tasks.OptionsJobs.OptionsJobs(OptionsJobs.java:18)&#13;
tasks.OptionsJobs.OptionsJobs(OptionsJobs.java:18)&#13;
tasks.OptionsJobs.OptionsJobs(OptionsJobs.java:18)&#13;
tasks.OptionsJobs.OptionsJobs(OptionsJobs.java:18)&#13;
tasks.OptionsJobs.OptionsJobs(OptionsJobs.java:18)&#13;
tasks.OptionsJobs.OptionsJobs(OptionsJobs.java:18)&#13;
tasks.OptionsJobs.OptionsJobs(OptionsJobs.java:18)&#13;
tasks.OptionsJobs.OptionsJobs(OptionsJobs.java:18)&#13;
tasks.OptionsJobs.OptionsJobs(OptionsJobs.java:18)&#13;
tasks.OptionsJobs.OptionsJobs(OptionsJobs.java:18)&#13;
tasks.OptionsJobs.OptionsJobs(OptionsJobs.java:18)&#13;
tasks.OptionsJobs.OptionsJobs(OptionsJobs.java:18)&#13;
tasks.OptionsJobs.OptionsJobs(OptionsJobs.java:18)&#13;
tasks.OptionsJobs.OptionsJobs(OptionsJobs.java:18)&#13;
tasks.OptionsJobs.OptionsJobs(OptionsJobs.java:18)&#13;
tasks.OptionsJobs.OptionsJobs(OptionsJobs.java:18)&#13;
tasks.OptionsJobs.OptionsJobs(OptionsJobs.java:18)&#13;
tasks.OptionsJobs.OptionsJobs(OptionsJobs.java:18)&#13;
tasks.OptionsJobs.OptionsJobs(OptionsJobs.java:18)&#13;
tasks.OptionsJobs.OptionsJobs(OptionsJobs.java:18)&#13;
tasks.OptionsJobs.OptionsJobs(OptionsJobs.java:18)&#13;
tasks.OptionsJobs.OptionsJobs(OptionsJobs.java:18)&#13;
tasks.OptionsJobs.OptionsJobs(OptionsJobs.java:18)&#13;
tasks.OptionsJobs.OptionsJobs(OptionsJobs.java:18)&#13;
tasks.OptionsJobs.OptionsJobs(OptionsJobs.java:18)&#13;
tasks.OptionsJobs.OptionsJobs(OptionsJobs.java:18)&#13;
tasks.OptionsJobs.OptionsJobs(OptionsJobs.java:18)&#13;
tasks.OptionsJobs.OptionsJobs(OptionsJobs.java:18)&#13;
tasks.OptionsJobs.OptionsJobs(OptionsJobs.java:18)&#13;
tasks.OptionsJobs.OptionsJobs(OptionsJobs.java:18)&#13;
tasks.OptionsJobs.OptionsJobs(OptionsJobs.java:18)&#13;
tasks.OptionsJobs.OptionsJobs(OptionsJobs.java:18)&#13;
tasks.OptionsJobs.OptionsJobs(OptionsJobs.java:18)&#13;
tasks.OptionsJobs.OptionsJobs(OptionsJobs.java:18)&#13;
tasks.OptionsJobs.OptionsJobs(OptionsJobs.java:18)&#13;
tasks.OptionsJobs.OptionsJobs(OptionsJobs.java:18)&#13;
tasks.OptionsJobs.OptionsJobs(OptionsJobs.java:18)&#13;
tasks.OptionsJobs.OptionsJobs(OptionsJobs.java:18)&#13;
tasks.OptionsJobs.OptionsJobs(OptionsJobs.java:18)&#13;
tasks.OptionsJobs.OptionsJobs(OptionsJobs.java:18)&#13;
tasks.OptionsJobs.OptionsJobs(OptionsJobs.java:18)&#13;
tasks.OptionsJobs.OptionsJobs(OptionsJobs.java:18)&#13;
tasks.OptionsJobs.OptionsJobs(OptionsJobs.java:18)&#13;
tasks.OptionsJobs.OptionsJobs(OptionsJobs.java:18)&#13;
tasks.OptionsJobs.OptionsJobs(OptionsJobs.java:18)&#13;
tasks.OptionsJobs.OptionsJobs(OptionsJobs.java:18)&#13;
tasks.OptionsJobs.OptionsJobs(OptionsJobs.java:18)&#13;
tasks.OptionsJobs.OptionsJobs(OptionsJobs.java:18)&#13;
tasks.OptionsJobs.OptionsJobs(OptionsJobs.java:18)&#13;
tasks.OptionsJobs.OptionsJobs(OptionsJobs.java:18)&#13;
tasks.OptionsJobs.OptionsJobs(OptionsJobs.java:18)&#13;
tasks.OptionsJobs.OptionsJobs(OptionsJobs.java:18)&#13;
tasks.OptionsJobs.OptionsJobs(OptionsJobs.java:18)&#13;
tasks.OptionsJobs.OptionsJobs(OptionsJobs.java:18)&#13;
tasks.OptionsJobs.OptionsJobs(OptionsJobs.java:18)&#13;
tasks.OptionsJobs.OptionsJobs(OptionsJobs.java:18)&#13;
tasks.OptionsJobs.OptionsJobs(OptionsJobs.java:18)&#13;
tasks.OptionsJobs.OptionsJobs(OptionsJobs.java:18)&#13;
tasks.OptionsJobs.OptionsJobs(OptionsJobs.java:18)&#13;
tasks.OptionsJobs.OptionsJobs(OptionsJobs.java:18)&#13;
tasks.OptionsJobs.OptionsJobs(OptionsJobs.java:18)&#13;
tasks.OptionsJobs.OptionsJobs(OptionsJobs.java:18)&#13;
tasks.OptionsJobs.OptionsJobs(OptionsJobs.java:18)&#13;
tasks.OptionsJobs.OptionsJobs(OptionsJobs.java:18)&#13;
tasks.OptionsJobs.OptionsJobs(OptionsJobs.java:18)&#13;
tasks.OptionsJobs.OptionsJobs(OptionsJobs.java:18)&#13;
tasks.OptionsJobs.OptionsJobs(OptionsJobs.java:18)&#13;
tasks.OptionsJobs.OptionsJobs(OptionsJobs.java:18)&#13;
tasks.OptionsJobs.OptionsJobs(OptionsJobs.java:18)&#13;
✽.user selects the job option(src/test/resources/features/VisualizarVacantes.feature:11)&#13;
</system-err></testcase></testsuite>